{"/Users/macmini/Desktop/projects/DayTask-Backend/src/app.module.ts": {"path":"/Users/macmini/Desktop/projects/DayTask-Backend/src/app.module.ts","statementMap":{"0":{"start":{"line":1,"column":0},"end":{"line":1,"column":40}},"1":{"start":{"line":2,"column":0},"end":{"line":2,"column":48}},"2":{"start":{"line":3,"column":0},"end":{"line":3,"column":63}},"3":{"start":{"line":4,"column":0},"end":{"line":4,"column":51}},"4":{"start":{"line":5,"column":0},"end":{"line":5,"column":44}},"5":{"start":{"line":6,"column":0},"end":{"line":6,"column":51}},"6":{"start":{"line":7,"column":0},"end":{"line":7,"column":62}},"7":{"start":{"line":8,"column":0},"end":{"line":8,"column":24}},"8":{"start":{"line":9,"column":0},"end":{"line":9,"column":61}},"9":{"start":{"line":10,"column":0},"end":{"line":10,"column":48}},"10":{"start":{"line":11,"column":0},"end":{"line":11,"column":58}},"11":{"start":{"line":12,"column":0},"end":{"line":12,"column":45}},"12":{"start":{"line":13,"column":0},"end":{"line":13,"column":73}},"13":{"start":{"line":14,"column":0},"end":{"line":14,"column":48}},"14":{"start":{"line":15,"column":0},"end":{"line":15,"column":56}},"15":{"start":{"line":17,"column":0},"end":{"line":17,"column":54}},"16":{"start":{"line":18,"column":0},"end":{"line":18,"column":59}},"17":{"start":{"line":19,"column":0},"end":{"line":19,"column":58}},"18":{"start":{"line":20,"column":0},"end":{"line":20,"column":58}},"19":{"start":{"line":21,"column":0},"end":{"line":21,"column":64}},"20":{"start":{"line":22,"column":0},"end":{"line":22,"column":55}},"21":{"start":{"line":23,"column":0},"end":{"line":23,"column":67}},"22":{"start":{"line":24,"column":0},"end":{"line":24,"column":58}},"23":{"start":{"line":25,"column":0},"end":{"line":25,"column":65}},"24":{"start":{"line":26,"column":0},"end":{"line":26,"column":81}},"25":{"start":{"line":27,"column":0},"end":{"line":27,"column":87}},"26":{"start":{"line":28,"column":0},"end":{"line":28,"column":102}},"27":{"start":{"line":29,"column":0},"end":{"line":29,"column":55}},"28":{"start":{"line":90,"column":7},"end":{"line":90,"column":null}},"29":{"start":{"line":90,"column":13},"end":{"line":90,"column":22}},"30":{"start":{"line":90,"column":13},"end":{"line":90,"column":null}},"31":{"start":{"line":48,"column":8},"end":{"line":48,"column":52}},"32":{"start":{"line":52,"column":68},"end":{"line":57,"column":8}},"33":{"start":{"line":62,"column":12},"end":{"line":66,"column":14}}},"fnMap":{"0":{"name":"(anonymous_2)","decl":{"start":{"line":47,"column":25},"end":{"line":47,"column":30}},"loc":{"start":{"line":47,"column":62},"end":{"line":49,"column":7}}},"1":{"name":"(anonymous_3)","decl":{"start":{"line":52,"column":18},"end":{"line":52,"column":19}},"loc":{"start":{"line":52,"column":68},"end":{"line":57,"column":8}}},"2":{"name":"(anonymous_4)","decl":{"start":{"line":61,"column":22},"end":{"line":61,"column":23}},"loc":{"start":{"line":61,"column":70},"end":{"line":67,"column":11}}}},"branchMap":{},"s":{"0":0,"1":0,"2":0,"3":0,"4":0,"5":0,"6":0,"7":0,"8":0,"9":0,"10":0,"11":0,"12":0,"13":0,"14":0,"15":0,"16":0,"17":0,"18":0,"19":0,"20":0,"21":0,"22":0,"23":0,"24":0,"25":0,"26":0,"27":0,"28":0,"29":0,"30":0,"31":0,"32":0,"33":0},"f":{"0":0,"1":0,"2":0},"b":{}}
,"/Users/macmini/Desktop/projects/DayTask-Backend/src/main.ts": {"path":"/Users/macmini/Desktop/projects/DayTask-Backend/src/main.ts","statementMap":{"0":{"start":{"line":1,"column":0},"end":{"line":1,"column":23}},"1":{"start":{"line":2,"column":0},"end":{"line":2,"column":null}},"2":{"start":{"line":7,"column":0},"end":{"line":7,"column":47}},"3":{"start":{"line":8,"column":0},"end":{"line":8,"column":54}},"4":{"start":{"line":9,"column":0},"end":{"line":9,"column":65}},"5":{"start":{"line":10,"column":0},"end":{"line":10,"column":47}},"6":{"start":{"line":11,"column":0},"end":{"line":11,"column":41}},"7":{"start":{"line":13,"column":0},"end":{"line":13,"column":76}},"8":{"start":{"line":14,"column":0},"end":{"line":14,"column":59}},"9":{"start":{"line":17,"column":14},"end":{"line":17,"column":65}},"10":{"start":{"line":18,"column":2},"end":{"line":18,"column":66}},"11":{"start":{"line":19,"column":24},"end":{"line":19,"column":61}},"12":{"start":{"line":21,"column":2},"end":{"line":21,"column":28}},"13":{"start":{"line":22,"column":2},"end":{"line":27,"column":4}},"14":{"start":{"line":28,"column":2},"end":{"line":30,"column":5}},"15":{"start":{"line":31,"column":2},"end":{"line":31,"column":60}},"16":{"start":{"line":32,"column":2},"end":{"line":37,"column":4}},"17":{"start":{"line":39,"column":18},"end":{"line":44,"column":12}},"18":{"start":{"line":46,"column":19},"end":{"line":46,"column":61}},"19":{"start":{"line":47,"column":2},"end":{"line":47,"column":45}},"20":{"start":{"line":49,"column":2},"end":{"line":49,"column":74}},"21":{"start":{"line":51,"column":0},"end":{"line":51,"column":17}}},"fnMap":{"0":{"name":"bootstrap","decl":{"start":{"line":16,"column":15},"end":{"line":16,"column":24}},"loc":{"start":{"line":16,"column":24},"end":{"line":50,"column":1}}}},"branchMap":{},"s":{"0":0,"1":0,"2":0,"3":0,"4":0,"5":0,"6":0,"7":0,"8":0,"9":0,"10":0,"11":0,"12":0,"13":0,"14":0,"15":0,"16":0,"17":0,"18":0,"19":0,"20":0,"21":0},"f":{"0":0},"b":{}}
,"/Users/macmini/Desktop/projects/DayTask-Backend/src/auth/auth-providers.enum.ts": {"path":"/Users/macmini/Desktop/projects/DayTask-Backend/src/auth/auth-providers.enum.ts","statementMap":{"0":{"start":{"line":1,"column":0},"end":{"line":1,"column":null}},"1":{"start":{"line":2,"column":2},"end":{"line":2,"column":null}},"2":{"start":{"line":3,"column":2},"end":{"line":3,"column":null}},"3":{"start":{"line":4,"column":2},"end":{"line":4,"column":null}},"4":{"start":{"line":5,"column":2},"end":{"line":5,"column":null}},"5":{"start":{"line":6,"column":2},"end":{"line":6,"column":null}}},"fnMap":{"0":{"name":"(anonymous_0)","decl":{"start":{"line":1,"column":0},"end":{"line":1,"column":12}},"loc":{"start":{"line":1,"column":29},"end":{"line":7,"column":1}}}},"branchMap":{"0":{"loc":{"start":{"line":1,"column":12},"end":{"line":1,"column":null}},"type":"binary-expr","locations":[{"start":{"line":1,"column":12},"end":{"line":1,"column":29}},{"start":{"line":1,"column":29},"end":{"line":1,"column":null}}]}},"s":{"0":0,"1":0,"2":0,"3":0,"4":0,"5":0},"f":{"0":0},"b":{"0":[0,0]}}
,"/Users/macmini/Desktop/projects/DayTask-Backend/src/auth/auth.controller.ts": {"path":"/Users/macmini/Desktop/projects/DayTask-Backend/src/auth/auth.controller.ts","statementMap":{"0":{"start":{"line":1,"column":0},"end":{"line":1,"column":null}},"1":{"start":{"line":13,"column":0},"end":{"line":13,"column":45}},"2":{"start":{"line":14,"column":0},"end":{"line":14,"column":63}},"3":{"start":{"line":15,"column":0},"end":{"line":15,"column":71}},"4":{"start":{"line":16,"column":0},"end":{"line":16,"column":67}},"5":{"start":{"line":17,"column":0},"end":{"line":17,"column":69}},"6":{"start":{"line":18,"column":0},"end":{"line":18,"column":54}},"7":{"start":{"line":19,"column":0},"end":{"line":19,"column":45}},"8":{"start":{"line":20,"column":0},"end":{"line":20,"column":69}},"9":{"start":{"line":23,"column":0},"end":{"line":23,"column":55}},"10":{"start":{"line":24,"column":0},"end":{"line":24,"column":71}},"11":{"start":{"line":26,"column":0},"end":{"line":26,"column":57}},"12":{"start":{"line":33,"column":7},"end":{"line":150,"column":null}},"13":{"start":{"line":34,"column":31},"end":{"line":34,"column":40}},"14":{"start":{"line":44,"column":4},"end":{"line":44,"column":48}},"15":{"start":{"line":51,"column":4},"end":{"line":51,"column":47}},"16":{"start":{"line":52,"column":4},"end":{"line":54,"column":6}},"17":{"start":{"line":61,"column":4},"end":{"line":61,"column":58}},"18":{"start":{"line":62,"column":4},"end":{"line":64,"column":6}},"19":{"start":{"line":71,"column":4},"end":{"line":71,"column":63}},"20":{"start":{"line":72,"column":4},"end":{"line":74,"column":6}},"21":{"start":{"line":81,"column":4},"end":{"line":84,"column":6}},"22":{"start":{"line":85,"column":4},"end":{"line":87,"column":6}},"23":{"start":{"line":98,"column":4},"end":{"line":98,"column":33}},"24":{"start":{"line":109,"column":4},"end":{"line":112,"column":7}},"25":{"start":{"line":119,"column":4},"end":{"line":121,"column":7}},"26":{"start":{"line":122,"column":4},"end":{"line":124,"column":6}},"27":{"start":{"line":138,"column":4},"end":{"line":138,"column":46}},"28":{"start":{"line":145,"column":4},"end":{"line":145,"column":40}},"29":{"start":{"line":146,"column":4},"end":{"line":148,"column":6}},"30":{"start":{"line":33,"column":13},"end":{"line":33,"column":27}},"31":{"start":{"line":41,"column":9},"end":{"line":45,"column":null}},"32":{"start":{"line":48,"column":8},"end":{"line":55,"column":null}},"33":{"start":{"line":58,"column":8},"end":{"line":65,"column":null}},"34":{"start":{"line":68,"column":8},"end":{"line":75,"column":null}},"35":{"start":{"line":78,"column":8},"end":{"line":88,"column":null}},"36":{"start":{"line":97,"column":9},"end":{"line":99,"column":null}},"37":{"start":{"line":108,"column":9},"end":{"line":113,"column":null}},"38":{"start":{"line":118,"column":15},"end":{"line":125,"column":null}},"39":{"start":{"line":134,"column":9},"end":{"line":139,"column":null}},"40":{"start":{"line":144,"column":15},"end":{"line":149,"column":null}},"41":{"start":{"line":33,"column":13},"end":{"line":150,"column":null}}},"fnMap":{"0":{"name":"(anonymous_4)","decl":{"start":{"line":34,"column":2},"end":{"line":34,"column":31}},"loc":{"start":{"line":34,"column":51},"end":{"line":34,"column":55}}},"1":{"name":"(anonymous_5)","decl":{"start":{"line":41,"column":9},"end":{"line":41,"column":14}},"loc":{"start":{"line":42,"column":39},"end":{"line":45,"column":3}}},"2":{"name":"(anonymous_6)","decl":{"start":{"line":48,"column":2},"end":{"line":48,"column":7}},"loc":{"start":{"line":49,"column":47},"end":{"line":55,"column":3}}},"3":{"name":"(anonymous_7)","decl":{"start":{"line":58,"column":2},"end":{"line":58,"column":7}},"loc":{"start":{"line":59,"column":48},"end":{"line":65,"column":3}}},"4":{"name":"(anonymous_8)","decl":{"start":{"line":68,"column":2},"end":{"line":68,"column":7}},"loc":{"start":{"line":69,"column":52},"end":{"line":75,"column":3}}},"5":{"name":"(anonymous_9)","decl":{"start":{"line":78,"column":2},"end":{"line":78,"column":7}},"loc":{"start":{"line":79,"column":50},"end":{"line":88,"column":3}}},"6":{"name":"(anonymous_10)","decl":{"start":{"line":97,"column":9},"end":{"line":97,"column":11}},"loc":{"start":{"line":97,"column":27},"end":{"line":99,"column":3}}},"7":{"name":"(anonymous_11)","decl":{"start":{"line":108,"column":9},"end":{"line":108,"column":16}},"loc":{"start":{"line":108,"column":32},"end":{"line":113,"column":3}}},"8":{"name":"(anonymous_12)","decl":{"start":{"line":118,"column":9},"end":{"line":118,"column":14}},"loc":{"start":{"line":118,"column":37},"end":{"line":125,"column":3}}},"9":{"name":"(anonymous_13)","decl":{"start":{"line":134,"column":9},"end":{"line":134,"column":15}},"loc":{"start":{"line":136,"column":34},"end":{"line":139,"column":3}}},"10":{"name":"(anonymous_14)","decl":{"start":{"line":144,"column":9},"end":{"line":144,"column":14}},"loc":{"start":{"line":144,"column":37},"end":{"line":149,"column":3}}}},"branchMap":{},"s":{"0":0,"1":0,"2":0,"3":0,"4":0,"5":0,"6":0,"7":0,"8":0,"9":0,"10":0,"11":0,"12":0,"13":0,"14":0,"15":0,"16":0,"17":0,"18":0,"19":0,"20":0,"21":0,"22":0,"23":0,"24":0,"25":0,"26":0,"27":0,"28":0,"29":0,"30":0,"31":0,"32":0,"33":0,"34":0,"35":0,"36":0,"37":0,"38":0,"39":0,"40":0,"41":0},"f":{"0":0,"1":0,"2":0,"3":0,"4":0,"5":0,"6":0,"7":0,"8":0,"9":0,"10":0},"b":{}}
,"/Users/macmini/Desktop/projects/DayTask-Backend/src/auth/auth.module.ts": {"path":"/Users/macmini/Desktop/projects/DayTask-Backend/src/auth/auth.module.ts","statementMap":{"0":{"start":{"line":1,"column":0},"end":{"line":1,"column":40}},"1":{"start":{"line":2,"column":0},"end":{"line":2,"column":51}},"2":{"start":{"line":3,"column":0},"end":{"line":3,"column":45}},"3":{"start":{"line":4,"column":0},"end":{"line":4,"column":50}},"4":{"start":{"line":5,"column":0},"end":{"line":5,"column":40}},"5":{"start":{"line":6,"column":0},"end":{"line":6,"column":56}},"6":{"start":{"line":7,"column":0},"end":{"line":7,"column":68}},"7":{"start":{"line":8,"column":0},"end":{"line":8,"column":60}},"8":{"start":{"line":9,"column":0},"end":{"line":9,"column":66}},"9":{"start":{"line":10,"column":0},"end":{"line":10,"column":66}},"10":{"start":{"line":11,"column":0},"end":{"line":11,"column":71}},"11":{"start":{"line":25,"column":7},"end":{"line":25,"column":null}},"12":{"start":{"line":25,"column":13},"end":{"line":25,"column":23}},"13":{"start":{"line":25,"column":13},"end":{"line":25,"column":null}}},"fnMap":{},"branchMap":{},"s":{"0":0,"1":0,"2":0,"3":0,"4":0,"5":0,"6":0,"7":0,"8":0,"9":0,"10":0,"11":0,"12":0,"13":0},"f":{},"b":{}}
,"/Users/macmini/Desktop/projects/DayTask-Backend/src/auth/auth.service.ts": {"path":"/Users/macmini/Desktop/projects/DayTask-Backend/src/auth/auth.service.ts","statementMap":{"0":{"start":{"line":1,"column":0},"end":{"line":1,"column":null}},"1":{"start":{"line":7,"column":0},"end":{"line":7,"column":20}},"2":{"start":{"line":8,"column":0},"end":{"line":8,"column":28}},"3":{"start":{"line":9,"column":0},"end":{"line":9,"column":90}},"4":{"start":{"line":10,"column":0},"end":{"line":10,"column":41}},"5":{"start":{"line":11,"column":0},"end":{"line":11,"column":30}},"6":{"start":{"line":14,"column":0},"end":{"line":14,"column":55}},"7":{"start":{"line":15,"column":0},"end":{"line":15,"column":63}},"8":{"start":{"line":16,"column":0},"end":{"line":16,"column":58}},"9":{"start":{"line":19,"column":0},"end":{"line":19,"column":68}},"10":{"start":{"line":22,"column":0},"end":{"line":22,"column":47}},"11":{"start":{"line":28,"column":0},"end":{"line":28,"column":62}},"12":{"start":{"line":29,"column":0},"end":{"line":29,"column":68}},"13":{"start":{"line":32,"column":7},"end":{"line":570,"column":null}},"14":{"start":{"line":34,"column":12},"end":{"line":34,"column":24}},"15":{"start":{"line":35,"column":12},"end":{"line":35,"column":26}},"16":{"start":{"line":36,"column":12},"end":{"line":36,"column":28}},"17":{"start":{"line":37,"column":12},"end":{"line":37,"column":25}},"18":{"start":{"line":38,"column":12},"end":{"line":38,"column":27}},"19":{"start":{"line":42,"column":17},"end":{"line":44,"column":6}},"20":{"start":{"line":46,"column":4},"end":{"line":56,"column":5}},"21":{"start":{"line":47,"column":6},"end":{"line":55,"column":8}},"22":{"start":{"line":58,"column":4},"end":{"line":68,"column":5}},"23":{"start":{"line":59,"column":6},"end":{"line":67,"column":8}},"24":{"start":{"line":70,"column":4},"end":{"line":80,"column":5}},"25":{"start":{"line":71,"column":6},"end":{"line":79,"column":8}},"26":{"start":{"line":82,"column":28},"end":{"line":84,"column":null}},"27":{"start":{"line":87,"column":4},"end":{"line":97,"column":5}},"28":{"start":{"line":88,"column":6},"end":{"line":96,"column":8}},"29":{"start":{"line":99,"column":17},"end":{"line":102,"column":20}},"30":{"start":{"line":104,"column":20},"end":{"line":107,"column":6}},"31":{"start":{"line":109,"column":50},"end":{"line":114,"column":6}},"32":{"start":{"line":116,"column":4},"end":{"line":121,"column":6}},"33":{"start":{"line":128,"column":35},"end":{"line":128,"column":39}},"34":{"start":{"line":129,"column":24},"end":{"line":129,"column":55}},"35":{"start":{"line":130,"column":42},"end":{"line":130,"column":46}},"36":{"start":{"line":132,"column":4},"end":{"line":136,"column":5}},"37":{"start":{"line":133,"column":6},"end":{"line":135,"column":9}},"38":{"start":{"line":138,"column":4},"end":{"line":143,"column":5}},"39":{"start":{"line":139,"column":6},"end":{"line":142,"column":9}},"40":{"start":{"line":145,"column":4},"end":{"line":173,"column":5}},"41":{"start":{"line":146,"column":6},"end":{"line":148,"column":7}},"42":{"start":{"line":147,"column":8},"end":{"line":147,"column":33}},"43":{"start":{"line":149,"column":6},"end":{"line":149,"column":52}},"44":{"start":{"line":150,"column":11},"end":{"line":173,"column":5}},"45":{"start":{"line":151,"column":6},"end":{"line":151,"column":25}},"46":{"start":{"line":152,"column":11},"end":{"line":173,"column":5}},"47":{"start":{"line":153,"column":19},"end":{"line":155,"column":8}},"48":{"start":{"line":156,"column":21},"end":{"line":158,"column":8}},"49":{"start":{"line":160,"column":6},"end":{"line":168,"column":9}},"50":{"start":{"line":170,"column":6},"end":{"line":172,"column":9}},"51":{"start":{"line":175,"column":4},"end":{"line":185,"column":5}},"52":{"start":{"line":176,"column":6},"end":{"line":184,"column":8}},"53":{"start":{"line":187,"column":17},"end":{"line":190,"column":20}},"54":{"start":{"line":192,"column":20},"end":{"line":195,"column":6}},"55":{"start":{"line":201,"column":8},"end":{"line":206,"column":6}},"56":{"start":{"line":208,"column":4},"end":{"line":213,"column":6}},"57":{"start":{"line":217,"column":17},"end":{"line":227,"column":6}},"58":{"start":{"line":229,"column":17},"end":{"line":240,"column":null}},"59":{"start":{"line":243,"column":4},"end":{"line":248,"column":7}},"60":{"start":{"line":254,"column":4},"end":{"line":274,"column":5}},"61":{"start":{"line":255,"column":22},"end":{"line":261,"column":8}},"62":{"start":{"line":263,"column":6},"end":{"line":263,"column":42}},"63":{"start":{"line":265,"column":6},"end":{"line":273,"column":8}},"64":{"start":{"line":276,"column":17},"end":{"line":278,"column":6}},"65":{"start":{"line":280,"column":4},"end":{"line":288,"column":5}},"66":{"start":{"line":281,"column":6},"end":{"line":287,"column":8}},"67":{"start":{"line":290,"column":4},"end":{"line":292,"column":6}},"68":{"start":{"line":294,"column":4},"end":{"line":294,"column":50}},"69":{"start":{"line":298,"column":17},"end":{"line":300,"column":6}},"70":{"start":{"line":302,"column":4},"end":{"line":312,"column":5}},"71":{"start":{"line":303,"column":6},"end":{"line":311,"column":8}},"72":{"start":{"line":314,"column":27},"end":{"line":316,"column":6}},"73":{"start":{"line":318,"column":25},"end":{"line":318,"column":56}},"74":{"start":{"line":320,"column":17},"end":{"line":329,"column":null}},"75":{"start":{"line":332,"column":4},"end":{"line":338,"column":7}},"76":{"start":{"line":344,"column":4},"end":{"line":364,"column":5}},"77":{"start":{"line":345,"column":22},"end":{"line":351,"column":8}},"78":{"start":{"line":353,"column":6},"end":{"line":353,"column":36}},"79":{"start":{"line":355,"column":6},"end":{"line":363,"column":8}},"80":{"start":{"line":366,"column":17},"end":{"line":368,"column":6}},"81":{"start":{"line":370,"column":4},"end":{"line":380,"column":5}},"82":{"start":{"line":371,"column":6},"end":{"line":379,"column":8}},"83":{"start":{"line":382,"column":4},"end":{"line":382,"column":29}},"84":{"start":{"line":384,"column":4},"end":{"line":388,"column":7}},"85":{"start":{"line":390,"column":4},"end":{"line":390,"column":50}},"86":{"start":{"line":394,"column":4},"end":{"line":396,"column":7}},"87":{"start":{"line":403,"column":4},"end":{"line":403,"column":56}},"88":{"start":{"line":404,"column":4},"end":{"line":469,"column":5}},"89":{"start":{"line":405,"column":6},"end":{"line":415,"column":7}},"90":{"start":{"line":406,"column":8},"end":{"line":414,"column":10}},"91":{"start":{"line":417,"column":26},"end":{"line":419,"column":8}},"92":{"start":{"line":420,"column":6},"end":{"line":420,"column":66}},"93":{"start":{"line":422,"column":6},"end":{"line":432,"column":7}},"94":{"start":{"line":423,"column":8},"end":{"line":431,"column":10}},"95":{"start":{"line":434,"column":6},"end":{"line":444,"column":7}},"96":{"start":{"line":435,"column":8},"end":{"line":443,"column":10}},"97":{"start":{"line":446,"column":33},"end":{"line":448,"column":null}},"98":{"start":{"line":451,"column":6},"end":{"line":468,"column":7}},"99":{"start":{"line":452,"column":8},"end":{"line":460,"column":10}},"100":{"start":{"line":462,"column":8},"end":{"line":467,"column":11}},"101":{"start":{"line":470,"column":4},"end":{"line":470,"column":47}},"102":{"start":{"line":471,"column":20},"end":{"line":471,"column":78}},"103":{"start":{"line":472,"column":4},"end":{"line":472,"column":56}},"104":{"start":{"line":473,"column":4},"end":{"line":473,"column":19}},"105":{"start":{"line":479,"column":20},"end":{"line":481,"column":6}},"106":{"start":{"line":483,"column":4},"end":{"line":485,"column":5}},"107":{"start":{"line":484,"column":6},"end":{"line":484,"column":40}},"108":{"start":{"line":487,"column":4},"end":{"line":489,"column":5}},"109":{"start":{"line":488,"column":6},"end":{"line":488,"column":40}},"110":{"start":{"line":491,"column":17},"end":{"line":494,"column":20}},"111":{"start":{"line":496,"column":4},"end":{"line":498,"column":7}},"112":{"start":{"line":500,"column":50},"end":{"line":505,"column":6}},"113":{"start":{"line":507,"column":4},"end":{"line":511,"column":6}},"114":{"start":{"line":515,"column":4},"end":{"line":515,"column":48}},"115":{"start":{"line":519,"column":4},"end":{"line":521,"column":7}},"116":{"start":{"line":530,"column":27},"end":{"line":532,"column":6}},"117":{"start":{"line":534,"column":25},"end":{"line":534,"column":56}},"118":{"start":{"line":536,"column":34},"end":{"line":562,"column":6}},"119":{"start":{"line":564,"column":4},"end":{"line":568,"column":6}},"120":{"start":{"line":32,"column":13},"end":{"line":32,"column":24}},"121":{"start":{"line":32,"column":13},"end":{"line":570,"column":null}}},"fnMap":{"0":{"name":"(anonymous_3)","decl":{"start":{"line":33,"column":2},"end":{"line":33,"column":null}},"loc":{"start":{"line":38,"column":55},"end":{"line":39,"column":6}}},"1":{"name":"(anonymous_4)","decl":{"start":{"line":41,"column":2},"end":{"line":41,"column":7}},"loc":{"start":{"line":41,"column":49},"end":{"line":122,"column":3}}},"2":{"name":"(anonymous_5)","decl":{"start":{"line":124,"column":2},"end":{"line":124,"column":7}},"loc":{"start":{"line":126,"column":31},"end":{"line":214,"column":3}}},"3":{"name":"(anonymous_6)","decl":{"start":{"line":216,"column":2},"end":{"line":216,"column":7}},"loc":{"start":{"line":216,"column":42},"end":{"line":249,"column":3}}},"4":{"name":"(anonymous_7)","decl":{"start":{"line":251,"column":2},"end":{"line":251,"column":7}},"loc":{"start":{"line":251,"column":33},"end":{"line":295,"column":3}}},"5":{"name":"(anonymous_8)","decl":{"start":{"line":297,"column":2},"end":{"line":297,"column":7}},"loc":{"start":{"line":297,"column":36},"end":{"line":339,"column":3}}},"6":{"name":"(anonymous_9)","decl":{"start":{"line":341,"column":2},"end":{"line":341,"column":7}},"loc":{"start":{"line":341,"column":52},"end":{"line":391,"column":3}}},"7":{"name":"(anonymous_10)","decl":{"start":{"line":393,"column":2},"end":{"line":393,"column":7}},"loc":{"start":{"line":393,"column":41},"end":{"line":397,"column":3}}},"8":{"name":"(anonymous_11)","decl":{"start":{"line":399,"column":2},"end":{"line":399,"column":7}},"loc":{"start":{"line":401,"column":26},"end":{"line":474,"column":3}}},"9":{"name":"(anonymous_12)","decl":{"start":{"line":476,"column":2},"end":{"line":476,"column":7}},"loc":{"start":{"line":477,"column":59},"end":{"line":512,"column":3}}},"10":{"name":"(anonymous_13)","decl":{"start":{"line":514,"column":2},"end":{"line":514,"column":7}},"loc":{"start":{"line":514,"column":29},"end":{"line":516,"column":3}}},"11":{"name":"(anonymous_14)","decl":{"start":{"line":518,"column":2},"end":{"line":518,"column":7}},"loc":{"start":{"line":518,"column":61},"end":{"line":522,"column":3}}},"12":{"name":"(anonymous_15)","decl":{"start":{"line":524,"column":10},"end":{"line":524,"column":15}},"loc":{"start":{"line":529,"column":3},"end":{"line":569,"column":3}}}},"branchMap":{"0":{"loc":{"start":{"line":46,"column":4},"end":{"line":56,"column":5}},"type":"if","locations":[{"start":{"line":46,"column":4},"end":{"line":56,"column":5}}]},"1":{"loc":{"start":{"line":58,"column":4},"end":{"line":68,"column":5}},"type":"if","locations":[{"start":{"line":58,"column":4},"end":{"line":68,"column":5}}]},"2":{"loc":{"start":{"line":70,"column":4},"end":{"line":80,"column":5}},"type":"if","locations":[{"start":{"line":70,"column":4},"end":{"line":80,"column":5}}]},"3":{"loc":{"start":{"line":87,"column":4},"end":{"line":97,"column":5}},"type":"if","locations":[{"start":{"line":87,"column":4},"end":{"line":97,"column":5}}]},"4":{"loc":{"start":{"line":132,"column":4},"end":{"line":136,"column":5}},"type":"if","locations":[{"start":{"line":132,"column":4},"end":{"line":136,"column":5}}]},"5":{"loc":{"start":{"line":138,"column":4},"end":{"line":143,"column":5}},"type":"if","locations":[{"start":{"line":138,"column":4},"end":{"line":143,"column":5}}]},"6":{"loc":{"start":{"line":145,"column":4},"end":{"line":173,"column":5}},"type":"if","locations":[{"start":{"line":145,"column":4},"end":{"line":173,"column":5}},{"start":{"line":150,"column":11},"end":{"line":173,"column":5}}]},"7":{"loc":{"start":{"line":146,"column":6},"end":{"line":148,"column":7}},"type":"if","locations":[{"start":{"line":146,"column":6},"end":{"line":148,"column":7}}]},"8":{"loc":{"start":{"line":146,"column":10},"end":{"line":146,"column":37}},"type":"binary-expr","locations":[{"start":{"line":146,"column":10},"end":{"line":146,"column":21}},{"start":{"line":146,"column":25},"end":{"line":146,"column":37}}]},"9":{"loc":{"start":{"line":150,"column":11},"end":{"line":173,"column":5}},"type":"if","locations":[{"start":{"line":150,"column":11},"end":{"line":173,"column":5}},{"start":{"line":152,"column":11},"end":{"line":173,"column":5}}]},"10":{"loc":{"start":{"line":152,"column":11},"end":{"line":173,"column":5}},"type":"if","locations":[{"start":{"line":152,"column":11},"end":{"line":173,"column":5}}]},"11":{"loc":{"start":{"line":161,"column":15},"end":{"line":161,"column":34}},"type":"binary-expr","locations":[{"start":{"line":161,"column":15},"end":{"line":161,"column":26}},{"start":{"line":161,"column":30},"end":{"line":161,"column":34}}]},"12":{"loc":{"start":{"line":162,"column":19},"end":{"line":162,"column":47}},"type":"binary-expr","locations":[{"start":{"line":162,"column":19},"end":{"line":162,"column":39}},{"start":{"line":162,"column":43},"end":{"line":162,"column":47}}]},"13":{"loc":{"start":{"line":163,"column":18},"end":{"line":163,"column":45}},"type":"binary-expr","locations":[{"start":{"line":163,"column":18},"end":{"line":163,"column":37}},{"start":{"line":163,"column":41},"end":{"line":163,"column":45}}]},"14":{"loc":{"start":{"line":175,"column":4},"end":{"line":185,"column":5}},"type":"if","locations":[{"start":{"line":175,"column":4},"end":{"line":185,"column":5}}]},"15":{"loc":{"start":{"line":280,"column":4},"end":{"line":288,"column":5}},"type":"if","locations":[{"start":{"line":280,"column":4},"end":{"line":288,"column":5}}]},"16":{"loc":{"start":{"line":280,"column":8},"end":{"line":280,"column":57}},"type":"binary-expr","locations":[{"start":{"line":280,"column":8},"end":{"line":280,"column":13}},{"start":{"line":280,"column":17},"end":{"line":280,"column":57}}]},"17":{"loc":{"start":{"line":302,"column":4},"end":{"line":312,"column":5}},"type":"if","locations":[{"start":{"line":302,"column":4},"end":{"line":312,"column":5}}]},"18":{"loc":{"start":{"line":370,"column":4},"end":{"line":380,"column":5}},"type":"if","locations":[{"start":{"line":370,"column":4},"end":{"line":380,"column":5}}]},"19":{"loc":{"start":{"line":404,"column":4},"end":{"line":469,"column":5}},"type":"if","locations":[{"start":{"line":404,"column":4},"end":{"line":469,"column":5}}]},"20":{"loc":{"start":{"line":405,"column":6},"end":{"line":415,"column":7}},"type":"if","locations":[{"start":{"line":405,"column":6},"end":{"line":415,"column":7}}]},"21":{"loc":{"start":{"line":422,"column":6},"end":{"line":432,"column":7}},"type":"if","locations":[{"start":{"line":422,"column":6},"end":{"line":432,"column":7}}]},"22":{"loc":{"start":{"line":434,"column":6},"end":{"line":444,"column":7}},"type":"if","locations":[{"start":{"line":434,"column":6},"end":{"line":444,"column":7}}]},"23":{"loc":{"start":{"line":451,"column":6},"end":{"line":468,"column":7}},"type":"if","locations":[{"start":{"line":451,"column":6},"end":{"line":468,"column":7}},{"start":{"line":461,"column":13},"end":{"line":468,"column":7}}]},"24":{"loc":{"start":{"line":483,"column":4},"end":{"line":485,"column":5}},"type":"if","locations":[{"start":{"line":483,"column":4},"end":{"line":485,"column":5}}]},"25":{"loc":{"start":{"line":487,"column":4},"end":{"line":489,"column":5}},"type":"if","locations":[{"start":{"line":487,"column":4},"end":{"line":489,"column":5}}]}},"s":{"0":0,"1":0,"2":0,"3":0,"4":0,"5":0,"6":0,"7":0,"8":0,"9":0,"10":0,"11":0,"12":0,"13":0,"14":0,"15":0,"16":0,"17":0,"18":0,"19":0,"20":0,"21":0,"22":0,"23":0,"24":0,"25":0,"26":0,"27":0,"28":0,"29":0,"30":0,"31":0,"32":0,"33":0,"34":0,"35":0,"36":0,"37":0,"38":0,"39":0,"40":0,"41":0,"42":0,"43":0,"44":0,"45":0,"46":0,"47":0,"48":0,"49":0,"50":0,"51":0,"52":0,"53":0,"54":0,"55":0,"56":0,"57":0,"58":0,"59":0,"60":0,"61":0,"62":0,"63":0,"64":0,"65":0,"66":0,"67":0,"68":0,"69":0,"70":0,"71":0,"72":0,"73":0,"74":0,"75":0,"76":0,"77":0,"78":0,"79":0,"80":0,"81":0,"82":0,"83":0,"84":0,"85":0,"86":0,"87":0,"88":0,"89":0,"90":0,"91":0,"92":0,"93":0,"94":0,"95":0,"96":0,"97":0,"98":0,"99":0,"100":0,"101":0,"102":0,"103":0,"104":0,"105":0,"106":0,"107":0,"108":0,"109":0,"110":0,"111":0,"112":0,"113":0,"114":0,"115":0,"116":0,"117":0,"118":0,"119":0,"120":0,"121":0},"f":{"0":0,"1":0,"2":0,"3":0,"4":0,"5":0,"6":0,"7":0,"8":0,"9":0,"10":0,"11":0,"12":0},"b":{"0":[0],"1":[0],"2":[0],"3":[0],"4":[0],"5":[0],"6":[0,0],"7":[0],"8":[0,0],"9":[0,0],"10":[0],"11":[0,0],"12":[0,0],"13":[0,0],"14":[0],"15":[0],"16":[0,0],"17":[0],"18":[0],"19":[0],"20":[0],"21":[0],"22":[0],"23":[0,0],"24":[0],"25":[0]}}
,"/Users/macmini/Desktop/projects/DayTask-Backend/src/auth-google/auth-google.controller.ts": {"path":"/Users/macmini/Desktop/projects/DayTask-Backend/src/auth-google/auth-google.controller.ts","statementMap":{"0":{"start":{"line":1,"column":0},"end":{"line":1,"column":null}},"1":{"start":{"line":9,"column":0},"end":{"line":9,"column":42}},"2":{"start":{"line":10,"column":0},"end":{"line":10,"column":51}},"3":{"start":{"line":11,"column":0},"end":{"line":11,"column":58}},"4":{"start":{"line":12,"column":0},"end":{"line":12,"column":65}},"5":{"start":{"line":20,"column":7},"end":{"line":38,"column":null}},"6":{"start":{"line":22,"column":21},"end":{"line":22,"column":34}},"7":{"start":{"line":23,"column":21},"end":{"line":23,"column":40}},"8":{"start":{"line":34,"column":23},"end":{"line":34,"column":79}},"9":{"start":{"line":36,"column":4},"end":{"line":36,"column":70}},"10":{"start":{"line":20,"column":13},"end":{"line":20,"column":33}},"11":{"start":{"line":31,"column":8},"end":{"line":37,"column":null}},"12":{"start":{"line":20,"column":13},"end":{"line":38,"column":null}}},"fnMap":{"0":{"name":"(anonymous_4)","decl":{"start":{"line":21,"column":2},"end":{"line":21,"column":null}},"loc":{"start":{"line":23,"column":57},"end":{"line":24,"column":6}}},"1":{"name":"(anonymous_5)","decl":{"start":{"line":31,"column":2},"end":{"line":31,"column":7}},"loc":{"start":{"line":32,"column":40},"end":{"line":37,"column":3}}}},"branchMap":{},"s":{"0":0,"1":0,"2":0,"3":0,"4":0,"5":0,"6":0,"7":0,"8":0,"9":0,"10":0,"11":0,"12":0},"f":{"0":0,"1":0},"b":{}}
,"/Users/macmini/Desktop/projects/DayTask-Backend/src/auth-google/auth-google.module.ts": {"path":"/Users/macmini/Desktop/projects/DayTask-Backend/src/auth-google/auth-google.module.ts","statementMap":{"0":{"start":{"line":1,"column":0},"end":{"line":1,"column":40}},"1":{"start":{"line":2,"column":0},"end":{"line":2,"column":58}},"2":{"start":{"line":3,"column":0},"end":{"line":3,"column":46}},"3":{"start":{"line":4,"column":0},"end":{"line":4,"column":64}},"4":{"start":{"line":5,"column":0},"end":{"line":5,"column":49}},"5":{"start":{"line":13,"column":7},"end":{"line":13,"column":null}},"6":{"start":{"line":13,"column":13},"end":{"line":13,"column":29}},"7":{"start":{"line":13,"column":13},"end":{"line":13,"column":null}}},"fnMap":{},"branchMap":{},"s":{"0":0,"1":0,"2":0,"3":0,"4":0,"5":0,"6":0,"7":0},"f":{},"b":{}}
,"/Users/macmini/Desktop/projects/DayTask-Backend/src/auth-google/auth-google.service.ts": {"path":"/Users/macmini/Desktop/projects/DayTask-Backend/src/auth-google/auth-google.service.ts","statementMap":{"0":{"start":{"line":1,"column":0},"end":{"line":1,"column":null}},"1":{"start":{"line":6,"column":0},"end":{"line":6,"column":47}},"2":{"start":{"line":7,"column":0},"end":{"line":7,"column":51}},"3":{"start":{"line":13,"column":7},"end":{"line":51,"column":null}},"4":{"start":{"line":16,"column":22},"end":{"line":16,"column":37}},"5":{"start":{"line":17,"column":4},"end":{"line":20,"column":6}},"6":{"start":{"line":26,"column":19},"end":{"line":31,"column":6}},"7":{"start":{"line":33,"column":17},"end":{"line":33,"column":36}},"8":{"start":{"line":35,"column":4},"end":{"line":42,"column":5}},"9":{"start":{"line":36,"column":6},"end":{"line":41,"column":9}},"10":{"start":{"line":44,"column":4},"end":{"line":49,"column":6}},"11":{"start":{"line":13,"column":13},"end":{"line":13,"column":30}},"12":{"start":{"line":13,"column":13},"end":{"line":51,"column":null}}},"fnMap":{"0":{"name":"(anonymous_2)","decl":{"start":{"line":16,"column":2},"end":{"line":16,"column":22}},"loc":{"start":{"line":16,"column":65},"end":{"line":21,"column":3}}},"1":{"name":"(anonymous_3)","decl":{"start":{"line":23,"column":2},"end":{"line":23,"column":7}},"loc":{"start":{"line":24,"column":32},"end":{"line":50,"column":3}}}},"branchMap":{"0":{"loc":{"start":{"line":35,"column":4},"end":{"line":42,"column":5}},"type":"if","locations":[{"start":{"line":35,"column":4},"end":{"line":42,"column":5}}]}},"s":{"0":0,"1":0,"2":0,"3":0,"4":0,"5":0,"6":0,"7":0,"8":0,"9":0,"10":0,"11":0,"12":0},"f":{"0":0,"1":0},"b":{"0":[0]}}
,"/Users/macmini/Desktop/projects/DayTask-Backend/src/auth-google/config/google.config.ts": {"path":"/Users/macmini/Desktop/projects/DayTask-Backend/src/auth-google/config/google.config.ts","statementMap":{"0":{"start":{"line":1,"column":0},"end":{"line":1,"column":44}},"1":{"start":{"line":3,"column":0},"end":{"line":3,"column":55}},"2":{"start":{"line":4,"column":0},"end":{"line":4,"column":57}},"3":{"start":{"line":10,"column":2},"end":{"line":10,"column":null}},"4":{"start":{"line":14,"column":2},"end":{"line":14,"column":null}},"5":{"start":{"line":17,"column":0},"end":{"line":24,"column":3}},"6":{"start":{"line":18,"column":2},"end":{"line":18,"column":61}},"7":{"start":{"line":20,"column":2},"end":{"line":23,"column":4}}},"fnMap":{"0":{"name":"(anonymous_3)","decl":{"start":{"line":17,"column":50},"end":{"line":17,"column":53}},"loc":{"start":{"line":17,"column":55},"end":{"line":24,"column":1}}}},"branchMap":{},"s":{"0":0,"1":0,"2":0,"3":0,"4":0,"5":0,"6":0,"7":0},"f":{"0":0},"b":{}}
,"/Users/macmini/Desktop/projects/DayTask-Backend/src/auth-google/dto/auth-google-login.dto.ts": {"path":"/Users/macmini/Desktop/projects/DayTask-Backend/src/auth-google/dto/auth-google-login.dto.ts","statementMap":{"0":{"start":{"line":1,"column":0},"end":{"line":1,"column":46}},"1":{"start":{"line":2,"column":0},"end":{"line":2,"column":45}},"2":{"start":{"line":4,"column":0},"end":{"line":4,"column":13}},"3":{"start":{"line":7,"column":2},"end":{"line":7,"column":null}}},"fnMap":{},"branchMap":{},"s":{"0":0,"1":0,"2":0,"3":0},"f":{},"b":{}}
,"/Users/macmini/Desktop/projects/DayTask-Backend/src/auth/config/auth.config.ts": {"path":"/Users/macmini/Desktop/projects/DayTask-Backend/src/auth/config/auth.config.ts","statementMap":{"0":{"start":{"line":1,"column":0},"end":{"line":1,"column":44}},"1":{"start":{"line":3,"column":0},"end":{"line":3,"column":43}},"2":{"start":{"line":4,"column":0},"end":{"line":4,"column":57}},"3":{"start":{"line":8,"column":2},"end":{"line":8,"column":null}},"4":{"start":{"line":11,"column":2},"end":{"line":11,"column":null}},"5":{"start":{"line":14,"column":2},"end":{"line":14,"column":null}},"6":{"start":{"line":17,"column":2},"end":{"line":17,"column":null}},"7":{"start":{"line":20,"column":2},"end":{"line":20,"column":null}},"8":{"start":{"line":23,"column":2},"end":{"line":23,"column":null}},"9":{"start":{"line":26,"column":2},"end":{"line":26,"column":null}},"10":{"start":{"line":29,"column":2},"end":{"line":29,"column":null}},"11":{"start":{"line":32,"column":0},"end":{"line":45,"column":3}},"12":{"start":{"line":33,"column":2},"end":{"line":33,"column":61}},"13":{"start":{"line":35,"column":2},"end":{"line":44,"column":4}}},"fnMap":{"0":{"name":"(anonymous_3)","decl":{"start":{"line":32,"column":46},"end":{"line":32,"column":49}},"loc":{"start":{"line":32,"column":51},"end":{"line":45,"column":1}}}},"branchMap":{},"s":{"0":0,"1":0,"2":0,"3":0,"4":0,"5":0,"6":0,"7":0,"8":0,"9":0,"10":0,"11":0,"12":0,"13":0},"f":{"0":0},"b":{}}
,"/Users/macmini/Desktop/projects/DayTask-Backend/src/auth/constants/response.ts": {"path":"/Users/macmini/Desktop/projects/DayTask-Backend/src/auth/constants/response.ts","statementMap":{"0":{"start":{"line":3,"column":13},"end":{"line":5,"column":2}},"1":{"start":{"line":6,"column":13},"end":{"line":8,"column":2}}},"fnMap":{},"branchMap":{},"s":{"0":0,"1":0},"f":{},"b":{}}
,"/Users/macmini/Desktop/projects/DayTask-Backend/src/auth/dto/auth-confirm-email.dto.ts": {"path":"/Users/macmini/Desktop/projects/DayTask-Backend/src/auth/dto/auth-confirm-email.dto.ts","statementMap":{"0":{"start":{"line":1,"column":0},"end":{"line":1,"column":46}},"1":{"start":{"line":2,"column":0},"end":{"line":2,"column":45}},"2":{"start":{"line":4,"column":0},"end":{"line":4,"column":13}},"3":{"start":{"line":7,"column":2},"end":{"line":7,"column":null}}},"fnMap":{},"branchMap":{},"s":{"0":0,"1":0,"2":0,"3":0},"f":{},"b":{}}
,"/Users/macmini/Desktop/projects/DayTask-Backend/src/auth/dto/auth-email-login.dto.ts": {"path":"/Users/macmini/Desktop/projects/DayTask-Backend/src/auth/dto/auth-email-login.dto.ts","statementMap":{"0":{"start":{"line":1,"column":0},"end":{"line":1,"column":46}},"1":{"start":{"line":2,"column":0},"end":{"line":2,"column":54}},"2":{"start":{"line":3,"column":0},"end":{"line":3,"column":46}},"3":{"start":{"line":4,"column":0},"end":{"line":4,"column":87}},"4":{"start":{"line":6,"column":0},"end":{"line":6,"column":13}},"5":{"start":{"line":11,"column":2},"end":{"line":11,"column":null}},"6":{"start":{"line":15,"column":2},"end":{"line":15,"column":null}}},"fnMap":{},"branchMap":{},"s":{"0":0,"1":0,"2":0,"3":0,"4":0,"5":0,"6":0},"f":{},"b":{}}
,"/Users/macmini/Desktop/projects/DayTask-Backend/src/auth/dto/auth-forgot-password.dto.ts": {"path":"/Users/macmini/Desktop/projects/DayTask-Backend/src/auth/dto/auth-forgot-password.dto.ts","statementMap":{"0":{"start":{"line":1,"column":0},"end":{"line":1,"column":46}},"1":{"start":{"line":2,"column":0},"end":{"line":2,"column":42}},"2":{"start":{"line":3,"column":0},"end":{"line":3,"column":46}},"3":{"start":{"line":4,"column":0},"end":{"line":4,"column":87}},"4":{"start":{"line":6,"column":0},"end":{"line":6,"column":13}},"5":{"start":{"line":10,"column":2},"end":{"line":10,"column":null}}},"fnMap":{},"branchMap":{},"s":{"0":0,"1":0,"2":0,"3":0,"4":0,"5":0},"f":{},"b":{}}
,"/Users/macmini/Desktop/projects/DayTask-Backend/src/auth/dto/auth-register-login.dto.ts": {"path":"/Users/macmini/Desktop/projects/DayTask-Backend/src/auth/dto/auth-register-login.dto.ts","statementMap":{"0":{"start":{"line":1,"column":0},"end":{"line":1,"column":46}},"1":{"start":{"line":2,"column":0},"end":{"line":2,"column":65}},"2":{"start":{"line":3,"column":0},"end":{"line":3,"column":46}},"3":{"start":{"line":4,"column":0},"end":{"line":4,"column":87}},"4":{"start":{"line":5,"column":0},"end":{"line":5,"column":55}},"5":{"start":{"line":27,"column":2},"end":{"line":27,"column":33}},"6":{"start":{"line":7,"column":0},"end":{"line":7,"column":13}},"7":{"start":{"line":11,"column":2},"end":{"line":11,"column":null}},"8":{"start":{"line":15,"column":2},"end":{"line":15,"column":null}},"9":{"start":{"line":19,"column":2},"end":{"line":19,"column":null}},"10":{"start":{"line":23,"column":2},"end":{"line":23,"column":null}},"11":{"start":{"line":27,"column":2},"end":{"line":27,"column":null}}},"fnMap":{"0":{"name":"(anonymous_2)","decl":{"start":{"line":7,"column":0},"end":{"line":7,"column":13}},"loc":{"start":{"line":7,"column":0},"end":{"line":28,"column":1}}}},"branchMap":{},"s":{"0":0,"1":0,"2":0,"3":0,"4":0,"5":0,"6":0,"7":0,"8":0,"9":0,"10":0,"11":0},"f":{"0":0},"b":{}}
,"/Users/macmini/Desktop/projects/DayTask-Backend/src/auth/dto/auth-reset-password.dto.ts": {"path":"/Users/macmini/Desktop/projects/DayTask-Backend/src/auth/dto/auth-reset-password.dto.ts","statementMap":{"0":{"start":{"line":1,"column":0},"end":{"line":1,"column":46}},"1":{"start":{"line":2,"column":0},"end":{"line":2,"column":45}},"2":{"start":{"line":4,"column":0},"end":{"line":4,"column":13}},"3":{"start":{"line":7,"column":2},"end":{"line":7,"column":null}},"4":{"start":{"line":11,"column":2},"end":{"line":11,"column":null}}},"fnMap":{},"branchMap":{},"s":{"0":0,"1":0,"2":0,"3":0,"4":0},"f":{},"b":{}}
,"/Users/macmini/Desktop/projects/DayTask-Backend/src/auth/dto/auth-update.dto.ts": {"path":"/Users/macmini/Desktop/projects/DayTask-Backend/src/auth/dto/auth-update.dto.ts","statementMap":{"0":{"start":{"line":1,"column":0},"end":{"line":1,"column":54}},"1":{"start":{"line":2,"column":0},"end":{"line":2,"column":68}},"2":{"start":{"line":3,"column":0},"end":{"line":3,"column":56}},"3":{"start":{"line":5,"column":0},"end":{"line":5,"column":13}},"4":{"start":{"line":8,"column":2},"end":{"line":8,"column":null}},"5":{"start":{"line":6,"column":37},"end":{"line":6,"column":44}},"6":{"start":{"line":13,"column":2},"end":{"line":13,"column":null}},"7":{"start":{"line":18,"column":2},"end":{"line":18,"column":null}},"8":{"start":{"line":24,"column":2},"end":{"line":24,"column":null}},"9":{"start":{"line":29,"column":2},"end":{"line":29,"column":null}}},"fnMap":{"0":{"name":"(anonymous_2)","decl":{"start":{"line":6,"column":31},"end":{"line":6,"column":34}},"loc":{"start":{"line":6,"column":37},"end":{"line":6,"column":44}}}},"branchMap":{},"s":{"0":0,"1":0,"2":0,"3":0,"4":0,"5":0,"6":0,"7":0,"8":0,"9":0},"f":{"0":0},"b":{}}
,"/Users/macmini/Desktop/projects/DayTask-Backend/src/auth/strategies/anonymous.strategy.ts": {"path":"/Users/macmini/Desktop/projects/DayTask-Backend/src/auth/strategies/anonymous.strategy.ts","statementMap":{"0":{"start":{"line":1,"column":0},"end":{"line":1,"column":46}},"1":{"start":{"line":2,"column":0},"end":{"line":2,"column":44}},"2":{"start":{"line":3,"column":0},"end":{"line":3,"column":52}},"3":{"start":{"line":6,"column":7},"end":{"line":14,"column":null}},"4":{"start":{"line":8,"column":4},"end":{"line":8,"column":12}},"5":{"start":{"line":12,"column":4},"end":{"line":12,"column":19}},"6":{"start":{"line":6,"column":13},"end":{"line":6,"column":30}},"7":{"start":{"line":6,"column":13},"end":{"line":14,"column":null}}},"fnMap":{"0":{"name":"(anonymous_2)","decl":{"start":{"line":7,"column":2},"end":{"line":7,"column":null}},"loc":{"start":{"line":7,"column":2},"end":{"line":9,"column":3}}},"1":{"name":"(anonymous_3)","decl":{"start":{"line":11,"column":9},"end":{"line":11,"column":17}},"loc":{"start":{"line":11,"column":52},"end":{"line":13,"column":3}}}},"branchMap":{},"s":{"0":0,"1":0,"2":0,"3":0,"4":0,"5":0,"6":0,"7":0},"f":{"0":0,"1":0},"b":{}}
,"/Users/macmini/Desktop/projects/DayTask-Backend/src/auth/strategies/jwt-refresh.strategy.ts": {"path":"/Users/macmini/Desktop/projects/DayTask-Backend/src/auth/strategies/jwt-refresh.strategy.ts","statementMap":{"0":{"start":{"line":1,"column":0},"end":{"line":1,"column":52}},"1":{"start":{"line":2,"column":0},"end":{"line":2,"column":67}},"2":{"start":{"line":3,"column":0},"end":{"line":3,"column":52}},"3":{"start":{"line":4,"column":0},"end":{"line":4,"column":47}},"4":{"start":{"line":10,"column":7},"end":{"line":30,"column":null}},"5":{"start":{"line":15,"column":4},"end":{"line":18,"column":7}},"6":{"start":{"line":24,"column":4},"end":{"line":26,"column":5}},"7":{"start":{"line":25,"column":6},"end":{"line":25,"column":40}},"8":{"start":{"line":28,"column":4},"end":{"line":28,"column":19}},"9":{"start":{"line":10,"column":13},"end":{"line":10,"column":31}},"10":{"start":{"line":10,"column":13},"end":{"line":30,"column":null}}},"fnMap":{"0":{"name":"(anonymous_2)","decl":{"start":{"line":14,"column":2},"end":{"line":14,"column":14}},"loc":{"start":{"line":14,"column":57},"end":{"line":19,"column":3}}},"1":{"name":"(anonymous_3)","decl":{"start":{"line":21,"column":9},"end":{"line":21,"column":17}},"loc":{"start":{"line":22,"column":34},"end":{"line":29,"column":3}}}},"branchMap":{"0":{"loc":{"start":{"line":24,"column":4},"end":{"line":26,"column":5}},"type":"if","locations":[{"start":{"line":24,"column":4},"end":{"line":26,"column":5}}]}},"s":{"0":0,"1":0,"2":0,"3":0,"4":0,"5":0,"6":0,"7":0,"8":0,"9":0,"10":0},"f":{"0":0,"1":0},"b":{"0":[0]}}
,"/Users/macmini/Desktop/projects/DayTask-Backend/src/auth/strategies/jwt.strategy.ts": {"path":"/Users/macmini/Desktop/projects/DayTask-Backend/src/auth/strategies/jwt.strategy.ts","statementMap":{"0":{"start":{"line":1,"column":0},"end":{"line":1,"column":52}},"1":{"start":{"line":2,"column":0},"end":{"line":2,"column":67}},"2":{"start":{"line":3,"column":0},"end":{"line":3,"column":52}},"3":{"start":{"line":4,"column":0},"end":{"line":4,"column":47}},"4":{"start":{"line":10,"column":7},"end":{"line":27,"column":null}},"5":{"start":{"line":12,"column":4},"end":{"line":15,"column":7}},"6":{"start":{"line":21,"column":4},"end":{"line":23,"column":5}},"7":{"start":{"line":22,"column":6},"end":{"line":22,"column":40}},"8":{"start":{"line":25,"column":4},"end":{"line":25,"column":19}},"9":{"start":{"line":10,"column":13},"end":{"line":10,"column":24}},"10":{"start":{"line":10,"column":13},"end":{"line":27,"column":null}}},"fnMap":{"0":{"name":"(anonymous_2)","decl":{"start":{"line":11,"column":2},"end":{"line":11,"column":14}},"loc":{"start":{"line":11,"column":57},"end":{"line":16,"column":3}}},"1":{"name":"(anonymous_3)","decl":{"start":{"line":20,"column":9},"end":{"line":20,"column":17}},"loc":{"start":{"line":20,"column":41},"end":{"line":26,"column":3}}}},"branchMap":{"0":{"loc":{"start":{"line":21,"column":4},"end":{"line":23,"column":5}},"type":"if","locations":[{"start":{"line":21,"column":4},"end":{"line":23,"column":5}}]}},"s":{"0":0,"1":0,"2":0,"3":0,"4":0,"5":0,"6":0,"7":0,"8":0,"9":0,"10":0},"f":{"0":0,"1":0},"b":{"0":[0]}}
,"/Users/macmini/Desktop/projects/DayTask-Backend/src/config/app.config.ts": {"path":"/Users/macmini/Desktop/projects/DayTask-Backend/src/config/app.config.ts","statementMap":{"0":{"start":{"line":1,"column":0},"end":{"line":1,"column":44}},"1":{"start":{"line":3,"column":0},"end":{"line":3,"column":56}},"2":{"start":{"line":4,"column":0},"end":{"line":4,"column":null}},"3":{"start":{"line":14,"column":0},"end":{"line":14,"column":null}},"4":{"start":{"line":15,"column":2},"end":{"line":15,"column":null}},"5":{"start":{"line":16,"column":2},"end":{"line":16,"column":null}},"6":{"start":{"line":17,"column":2},"end":{"line":17,"column":null}},"7":{"start":{"line":23,"column":2},"end":{"line":23,"column":null}},"8":{"start":{"line":29,"column":2},"end":{"line":29,"column":null}},"9":{"start":{"line":33,"column":2},"end":{"line":33,"column":null}},"10":{"start":{"line":37,"column":2},"end":{"line":37,"column":null}},"11":{"start":{"line":41,"column":2},"end":{"line":41,"column":null}},"12":{"start":{"line":45,"column":2},"end":{"line":45,"column":null}},"13":{"start":{"line":49,"column":2},"end":{"line":49,"column":null}},"14":{"start":{"line":52,"column":0},"end":{"line":70,"column":3}},"15":{"start":{"line":53,"column":2},"end":{"line":53,"column":61}},"16":{"start":{"line":55,"column":2},"end":{"line":69,"column":4}}},"fnMap":{"0":{"name":"(anonymous_3)","decl":{"start":{"line":14,"column":0},"end":{"line":14,"column":5}},"loc":{"start":{"line":14,"column":16},"end":{"line":18,"column":1}}},"1":{"name":"(anonymous_4)","decl":{"start":{"line":52,"column":44},"end":{"line":52,"column":47}},"loc":{"start":{"line":52,"column":49},"end":{"line":70,"column":1}}}},"branchMap":{"0":{"loc":{"start":{"line":14,"column":5},"end":{"line":14,"column":null}},"type":"binary-expr","locations":[{"start":{"line":14,"column":5},"end":{"line":14,"column":16}},{"start":{"line":14,"column":5},"end":{"line":14,"column":null}}]},"1":{"loc":{"start":{"line":56,"column":13},"end":{"line":56,"column":50}},"type":"binary-expr","locations":[{"start":{"line":56,"column":13},"end":{"line":56,"column":33}},{"start":{"line":56,"column":37},"end":{"line":56,"column":50}}]},"2":{"loc":{"start":{"line":57,"column":10},"end":{"line":57,"column":39}},"type":"binary-expr","locations":[{"start":{"line":57,"column":10},"end":{"line":57,"column":30}},{"start":{"line":57,"column":34},"end":{"line":57,"column":39}}]},"3":{"loc":{"start":{"line":58,"column":22},"end":{"line":58,"column":54}},"type":"binary-expr","locations":[{"start":{"line":58,"column":22},"end":{"line":58,"column":37}},{"start":{"line":58,"column":41},"end":{"line":58,"column":54}}]},"4":{"loc":{"start":{"line":60,"column":19},"end":{"line":60,"column":67}},"type":"binary-expr","locations":[{"start":{"line":60,"column":19},"end":{"line":60,"column":45}},{"start":{"line":60,"column":49},"end":{"line":60,"column":67}}]},"5":{"loc":{"start":{"line":61,"column":10},"end":{"line":65,"column":14}},"type":"cond-expr","locations":[{"start":{"line":62,"column":8},"end":{"line":62,"column":42}},{"start":{"line":63,"column":8},"end":{"line":65,"column":14}}]},"6":{"loc":{"start":{"line":63,"column":8},"end":{"line":65,"column":14}},"type":"cond-expr","locations":[{"start":{"line":64,"column":10},"end":{"line":64,"column":40}},{"start":{"line":65,"column":10},"end":{"line":65,"column":14}}]},"7":{"loc":{"start":{"line":66,"column":15},"end":{"line":66,"column":46}},"type":"binary-expr","locations":[{"start":{"line":66,"column":15},"end":{"line":66,"column":37}},{"start":{"line":66,"column":41},"end":{"line":66,"column":46}}]},"8":{"loc":{"start":{"line":67,"column":22},"end":{"line":67,"column":63}},"type":"binary-expr","locations":[{"start":{"line":67,"column":22},"end":{"line":67,"column":55}},{"start":{"line":67,"column":59},"end":{"line":67,"column":63}}]},"9":{"loc":{"start":{"line":68,"column":20},"end":{"line":68,"column":70}},"type":"binary-expr","locations":[{"start":{"line":68,"column":20},"end":{"line":68,"column":51}},{"start":{"line":68,"column":55},"end":{"line":68,"column":70}}]}},"s":{"0":0,"1":0,"2":0,"3":0,"4":0,"5":0,"6":0,"7":0,"8":0,"9":0,"10":0,"11":0,"12":0,"13":0,"14":0,"15":0,"16":0},"f":{"0":0,"1":0},"b":{"0":[0,0],"1":[0,0],"2":[0,0],"3":[0,0],"4":[0,0],"5":[0,0],"6":[0,0],"7":[0,0],"8":[0,0],"9":[0,0]}}
,"/Users/macmini/Desktop/projects/DayTask-Backend/src/database/1712156060399-migrations.ts": {"path":"/Users/macmini/Desktop/projects/DayTask-Backend/src/database/1712156060399-migrations.ts","statementMap":{"0":{"start":{"line":3,"column":0},"end":{"line":3,"column":13}}},"fnMap":{"0":{"name":"(anonymous_0)","decl":{"start":{"line":5,"column":11},"end":{"line":5,"column":16}},"loc":{"start":{"line":5,"column":44},"end":{"line":6,"column":5}}},"1":{"name":"(anonymous_1)","decl":{"start":{"line":8,"column":11},"end":{"line":8,"column":16}},"loc":{"start":{"line":8,"column":46},"end":{"line":9,"column":5}}}},"branchMap":{},"s":{"0":0},"f":{"0":0,"1":0},"b":{}}
,"/Users/macmini/Desktop/projects/DayTask-Backend/src/database/1712156178897-migrations.ts": {"path":"/Users/macmini/Desktop/projects/DayTask-Backend/src/database/1712156178897-migrations.ts","statementMap":{"0":{"start":{"line":3,"column":0},"end":{"line":3,"column":13}}},"fnMap":{"0":{"name":"(anonymous_0)","decl":{"start":{"line":5,"column":11},"end":{"line":5,"column":16}},"loc":{"start":{"line":5,"column":44},"end":{"line":6,"column":5}}},"1":{"name":"(anonymous_1)","decl":{"start":{"line":8,"column":11},"end":{"line":8,"column":16}},"loc":{"start":{"line":8,"column":46},"end":{"line":9,"column":5}}}},"branchMap":{},"s":{"0":0},"f":{"0":0,"1":0},"b":{}}
,"/Users/macmini/Desktop/projects/DayTask-Backend/src/database/data-source.ts": {"path":"/Users/macmini/Desktop/projects/DayTask-Backend/src/database/data-source.ts","statementMap":{"0":{"start":{"line":1,"column":0},"end":{"line":1,"column":26}},"1":{"start":{"line":2,"column":0},"end":{"line":2,"column":56}},"2":{"start":{"line":4,"column":13},"end":{"line":42,"column":24}}},"fnMap":{},"branchMap":{"0":{"loc":{"start":{"line":8,"column":8},"end":{"line":10,"column":10}},"type":"cond-expr","locations":[{"start":{"line":9,"column":6},"end":{"line":9,"column":45}},{"start":{"line":10,"column":6},"end":{"line":10,"column":10}}]},"1":{"loc":{"start":{"line":28,"column":9},"end":{"line":30,"column":11}},"type":"cond-expr","locations":[{"start":{"line":29,"column":8},"end":{"line":29,"column":58}},{"start":{"line":30,"column":8},"end":{"line":30,"column":11}}]},"2":{"loc":{"start":{"line":32,"column":6},"end":{"line":40,"column":19}},"type":"cond-expr","locations":[{"start":{"line":33,"column":10},"end":{"line":39,"column":null}},{"start":{"line":40,"column":10},"end":{"line":40,"column":19}}]},"3":{"loc":{"start":{"line":36,"column":16},"end":{"line":36,"column":52}},"type":"binary-expr","locations":[{"start":{"line":36,"column":16},"end":{"line":36,"column":39}},{"start":{"line":36,"column":43},"end":{"line":36,"column":52}}]},"4":{"loc":{"start":{"line":37,"column":17},"end":{"line":37,"column":54}},"type":"binary-expr","locations":[{"start":{"line":37,"column":17},"end":{"line":37,"column":41}},{"start":{"line":37,"column":45},"end":{"line":37,"column":54}}]},"5":{"loc":{"start":{"line":38,"column":18},"end":{"line":38,"column":56}},"type":"binary-expr","locations":[{"start":{"line":38,"column":18},"end":{"line":38,"column":43}},{"start":{"line":38,"column":47},"end":{"line":38,"column":56}}]}},"s":{"0":0,"1":0,"2":0},"f":{},"b":{"0":[0,0],"1":[0,0],"2":[0,0],"3":[0,0],"4":[0,0],"5":[0,0]}}
,"/Users/macmini/Desktop/projects/DayTask-Backend/src/database/typeorm-config.service.ts": {"path":"/Users/macmini/Desktop/projects/DayTask-Backend/src/database/typeorm-config.service.ts","statementMap":{"0":{"start":{"line":1,"column":0},"end":{"line":1,"column":44}},"1":{"start":{"line":2,"column":0},"end":{"line":2,"column":47}},"2":{"start":{"line":7,"column":7},"end":{"line":57,"column":null}},"3":{"start":{"line":8,"column":22},"end":{"line":8,"column":37}},"4":{"start":{"line":11,"column":4},"end":{"line":55,"column":30}},"5":{"start":{"line":7,"column":13},"end":{"line":7,"column":33}},"6":{"start":{"line":7,"column":13},"end":{"line":57,"column":null}}},"fnMap":{"0":{"name":"(anonymous_2)","decl":{"start":{"line":8,"column":2},"end":{"line":8,"column":22}},"loc":{"start":{"line":8,"column":65},"end":{"line":8,"column":69}}},"1":{"name":"(anonymous_3)","decl":{"start":{"line":10,"column":2},"end":{"line":10,"column":22}},"loc":{"start":{"line":10,"column":22},"end":{"line":56,"column":3}}}},"branchMap":{"0":{"loc":{"start":{"line":37,"column":13},"end":{"line":53,"column":21}},"type":"cond-expr","locations":[{"start":{"line":38,"column":12},"end":{"line":52,"column":null}},{"start":{"line":53,"column":12},"end":{"line":53,"column":21}}]},"1":{"loc":{"start":{"line":44,"column":16},"end":{"line":45,"column":25}},"type":"binary-expr","locations":[{"start":{"line":44,"column":16},"end":{"line":44,"column":70}},{"start":{"line":45,"column":16},"end":{"line":45,"column":25}}]},"2":{"loc":{"start":{"line":47,"column":16},"end":{"line":48,"column":25}},"type":"binary-expr","locations":[{"start":{"line":47,"column":16},"end":{"line":47,"column":71}},{"start":{"line":48,"column":16},"end":{"line":48,"column":25}}]},"3":{"loc":{"start":{"line":50,"column":16},"end":{"line":51,"column":25}},"type":"binary-expr","locations":[{"start":{"line":50,"column":16},"end":{"line":50,"column":72}},{"start":{"line":51,"column":16},"end":{"line":51,"column":25}}]}},"s":{"0":0,"1":0,"2":0,"3":0,"4":0,"5":0,"6":0},"f":{"0":0,"1":0},"b":{"0":[0,0],"1":[0,0],"2":[0,0],"3":[0,0]}}
,"/Users/macmini/Desktop/projects/DayTask-Backend/src/database/config/database.config.ts": {"path":"/Users/macmini/Desktop/projects/DayTask-Backend/src/database/config/database.config.ts","statementMap":{"0":{"start":{"line":1,"column":0},"end":{"line":1,"column":44}},"1":{"start":{"line":3,"column":0},"end":{"line":3,"column":null}},"2":{"start":{"line":12,"column":0},"end":{"line":12,"column":57}},"3":{"start":{"line":18,"column":2},"end":{"line":18,"column":null}},"4":{"start":{"line":16,"column":29},"end":{"line":16,"column":51}},"5":{"start":{"line":22,"column":2},"end":{"line":22,"column":null}},"6":{"start":{"line":20,"column":29},"end":{"line":20,"column":52}},"7":{"start":{"line":26,"column":2},"end":{"line":26,"column":null}},"8":{"start":{"line":24,"column":29},"end":{"line":24,"column":52}},"9":{"start":{"line":32,"column":2},"end":{"line":32,"column":null}},"10":{"start":{"line":28,"column":29},"end":{"line":28,"column":52}},"11":{"start":{"line":36,"column":2},"end":{"line":36,"column":null}},"12":{"start":{"line":34,"column":29},"end":{"line":34,"column":52}},"13":{"start":{"line":40,"column":2},"end":{"line":40,"column":null}},"14":{"start":{"line":38,"column":29},"end":{"line":38,"column":52}},"15":{"start":{"line":44,"column":2},"end":{"line":44,"column":null}},"16":{"start":{"line":42,"column":29},"end":{"line":42,"column":52}},"17":{"start":{"line":48,"column":2},"end":{"line":48,"column":null}},"18":{"start":{"line":52,"column":2},"end":{"line":52,"column":null}},"19":{"start":{"line":56,"column":2},"end":{"line":56,"column":null}},"20":{"start":{"line":60,"column":2},"end":{"line":60,"column":null}},"21":{"start":{"line":64,"column":2},"end":{"line":64,"column":null}},"22":{"start":{"line":68,"column":2},"end":{"line":68,"column":null}},"23":{"start":{"line":72,"column":2},"end":{"line":72,"column":null}},"24":{"start":{"line":75,"column":0},"end":{"line":99,"column":3}},"25":{"start":{"line":76,"column":2},"end":{"line":76,"column":61}},"26":{"start":{"line":78,"column":2},"end":{"line":98,"column":4}}},"fnMap":{"0":{"name":"(anonymous_3)","decl":{"start":{"line":16,"column":14},"end":{"line":16,"column":15}},"loc":{"start":{"line":16,"column":29},"end":{"line":16,"column":51}}},"1":{"name":"(anonymous_4)","decl":{"start":{"line":20,"column":14},"end":{"line":20,"column":15}},"loc":{"start":{"line":20,"column":29},"end":{"line":20,"column":52}}},"2":{"name":"(anonymous_5)","decl":{"start":{"line":24,"column":14},"end":{"line":24,"column":15}},"loc":{"start":{"line":24,"column":29},"end":{"line":24,"column":52}}},"3":{"name":"(anonymous_6)","decl":{"start":{"line":28,"column":14},"end":{"line":28,"column":15}},"loc":{"start":{"line":28,"column":29},"end":{"line":28,"column":52}}},"4":{"name":"(anonymous_7)","decl":{"start":{"line":34,"column":14},"end":{"line":34,"column":15}},"loc":{"start":{"line":34,"column":29},"end":{"line":34,"column":52}}},"5":{"name":"(anonymous_8)","decl":{"start":{"line":38,"column":14},"end":{"line":38,"column":15}},"loc":{"start":{"line":38,"column":29},"end":{"line":38,"column":52}}},"6":{"name":"(anonymous_9)","decl":{"start":{"line":42,"column":14},"end":{"line":42,"column":15}},"loc":{"start":{"line":42,"column":29},"end":{"line":42,"column":52}}},"7":{"name":"(anonymous_10)","decl":{"start":{"line":75,"column":54},"end":{"line":75,"column":57}},"loc":{"start":{"line":75,"column":59},"end":{"line":99,"column":1}}}},"branchMap":{"0":{"loc":{"start":{"line":79,"column":45},"end":{"line":79,"column":76}},"type":"binary-expr","locations":[{"start":{"line":79,"column":45},"end":{"line":79,"column":70}},{"start":{"line":79,"column":74},"end":{"line":79,"column":76}}]},"1":{"loc":{"start":{"line":83,"column":10},"end":{"line":85,"column":12}},"type":"cond-expr","locations":[{"start":{"line":84,"column":8},"end":{"line":84,"column":47}},{"start":{"line":85,"column":8},"end":{"line":85,"column":12}}]},"2":{"loc":{"start":{"line":90,"column":20},"end":{"line":92,"column":11}},"type":"cond-expr","locations":[{"start":{"line":91,"column":8},"end":{"line":91,"column":58}},{"start":{"line":92,"column":8},"end":{"line":92,"column":11}}]}},"s":{"0":0,"1":0,"2":0,"3":0,"4":0,"5":0,"6":0,"7":0,"8":0,"9":0,"10":0,"11":0,"12":0,"13":0,"14":0,"15":0,"16":0,"17":0,"18":0,"19":0,"20":0,"21":0,"22":0,"23":0,"24":0,"25":0,"26":0},"f":{"0":0,"1":0,"2":0,"3":0,"4":0,"5":0,"6":0,"7":0},"b":{"0":[0,0],"1":[0,0],"2":[0,0]}}
,"/Users/macmini/Desktop/projects/DayTask-Backend/src/database/migrations/1709769642152-CreateUser.ts": {"path":"/Users/macmini/Desktop/projects/DayTask-Backend/src/database/migrations/1709769642152-CreateUser.ts","statementMap":{"0":{"start":{"line":4,"column":2},"end":{"line":4,"column":35}},"1":{"start":{"line":7,"column":4},"end":{"line":9,"column":6}},"2":{"start":{"line":10,"column":4},"end":{"line":12,"column":6}},"3":{"start":{"line":13,"column":4},"end":{"line":15,"column":6}},"4":{"start":{"line":16,"column":4},"end":{"line":18,"column":6}},"5":{"start":{"line":19,"column":4},"end":{"line":21,"column":6}},"6":{"start":{"line":22,"column":4},"end":{"line":24,"column":6}},"7":{"start":{"line":25,"column":4},"end":{"line":27,"column":6}},"8":{"start":{"line":28,"column":4},"end":{"line":30,"column":6}},"9":{"start":{"line":31,"column":4},"end":{"line":33,"column":6}},"10":{"start":{"line":34,"column":4},"end":{"line":36,"column":6}},"11":{"start":{"line":37,"column":4},"end":{"line":39,"column":6}},"12":{"start":{"line":40,"column":4},"end":{"line":42,"column":6}},"13":{"start":{"line":43,"column":4},"end":{"line":45,"column":6}},"14":{"start":{"line":49,"column":4},"end":{"line":51,"column":6}},"15":{"start":{"line":52,"column":4},"end":{"line":54,"column":6}},"16":{"start":{"line":55,"column":4},"end":{"line":57,"column":6}},"17":{"start":{"line":58,"column":4},"end":{"line":60,"column":6}},"18":{"start":{"line":61,"column":4},"end":{"line":63,"column":6}},"19":{"start":{"line":64,"column":4},"end":{"line":64,"column":52}},"20":{"start":{"line":65,"column":4},"end":{"line":67,"column":6}},"21":{"start":{"line":68,"column":4},"end":{"line":70,"column":6}},"22":{"start":{"line":71,"column":4},"end":{"line":73,"column":6}},"23":{"start":{"line":74,"column":4},"end":{"line":74,"column":49}},"24":{"start":{"line":75,"column":4},"end":{"line":75,"column":49}},"25":{"start":{"line":76,"column":4},"end":{"line":76,"column":49}},"26":{"start":{"line":77,"column":4},"end":{"line":77,"column":51}},"27":{"start":{"line":3,"column":0},"end":{"line":3,"column":13}}},"fnMap":{"0":{"name":"(anonymous_0)","decl":{"start":{"line":3,"column":0},"end":{"line":3,"column":13}},"loc":{"start":{"line":3,"column":0},"end":{"line":79,"column":1}}},"1":{"name":"(anonymous_1)","decl":{"start":{"line":6,"column":9},"end":{"line":6,"column":14}},"loc":{"start":{"line":6,"column":42},"end":{"line":46,"column":3}}},"2":{"name":"(anonymous_2)","decl":{"start":{"line":48,"column":9},"end":{"line":48,"column":14}},"loc":{"start":{"line":48,"column":44},"end":{"line":78,"column":3}}}},"branchMap":{},"s":{"0":0,"1":0,"2":0,"3":0,"4":0,"5":0,"6":0,"7":0,"8":0,"9":0,"10":0,"11":0,"12":0,"13":0,"14":0,"15":0,"16":0,"17":0,"18":0,"19":0,"20":0,"21":0,"22":0,"23":0,"24":0,"25":0,"26":0,"27":0},"f":{"0":0,"1":0,"2":0},"b":{}}
,"/Users/macmini/Desktop/projects/DayTask-Backend/src/database/migrations/1711099416367-migrations.ts": {"path":"/Users/macmini/Desktop/projects/DayTask-Backend/src/database/migrations/1711099416367-migrations.ts","statementMap":{"0":{"start":{"line":4,"column":2},"end":{"line":4,"column":35}},"1":{"start":{"line":7,"column":4},"end":{"line":9,"column":6}},"2":{"start":{"line":10,"column":4},"end":{"line":12,"column":6}},"3":{"start":{"line":13,"column":4},"end":{"line":15,"column":6}},"4":{"start":{"line":16,"column":4},"end":{"line":18,"column":6}},"5":{"start":{"line":19,"column":4},"end":{"line":21,"column":6}},"6":{"start":{"line":22,"column":4},"end":{"line":24,"column":6}},"7":{"start":{"line":28,"column":4},"end":{"line":30,"column":6}},"8":{"start":{"line":31,"column":4},"end":{"line":33,"column":6}},"9":{"start":{"line":34,"column":4},"end":{"line":36,"column":6}},"10":{"start":{"line":37,"column":4},"end":{"line":39,"column":6}},"11":{"start":{"line":40,"column":4},"end":{"line":40,"column":66}},"12":{"start":{"line":41,"column":4},"end":{"line":41,"column":53}},"13":{"start":{"line":3,"column":0},"end":{"line":3,"column":13}}},"fnMap":{"0":{"name":"(anonymous_0)","decl":{"start":{"line":3,"column":0},"end":{"line":3,"column":13}},"loc":{"start":{"line":3,"column":0},"end":{"line":43,"column":1}}},"1":{"name":"(anonymous_1)","decl":{"start":{"line":6,"column":9},"end":{"line":6,"column":14}},"loc":{"start":{"line":6,"column":42},"end":{"line":25,"column":3}}},"2":{"name":"(anonymous_2)","decl":{"start":{"line":27,"column":9},"end":{"line":27,"column":14}},"loc":{"start":{"line":27,"column":44},"end":{"line":42,"column":3}}}},"branchMap":{},"s":{"0":0,"1":0,"2":0,"3":0,"4":0,"5":0,"6":0,"7":0,"8":0,"9":0,"10":0,"11":0,"12":0,"13":0},"f":{"0":0,"1":0,"2":0},"b":{}}
,"/Users/macmini/Desktop/projects/DayTask-Backend/src/database/migrations/1711100363642-migrations.ts": {"path":"/Users/macmini/Desktop/projects/DayTask-Backend/src/database/migrations/1711100363642-migrations.ts","statementMap":{"0":{"start":{"line":4,"column":2},"end":{"line":4,"column":35}},"1":{"start":{"line":7,"column":4},"end":{"line":9,"column":6}},"2":{"start":{"line":10,"column":4},"end":{"line":12,"column":6}},"3":{"start":{"line":13,"column":4},"end":{"line":15,"column":6}},"4":{"start":{"line":16,"column":4},"end":{"line":18,"column":6}},"5":{"start":{"line":19,"column":4},"end":{"line":21,"column":6}},"6":{"start":{"line":22,"column":4},"end":{"line":24,"column":6}},"7":{"start":{"line":28,"column":4},"end":{"line":30,"column":6}},"8":{"start":{"line":31,"column":4},"end":{"line":33,"column":6}},"9":{"start":{"line":34,"column":4},"end":{"line":36,"column":6}},"10":{"start":{"line":37,"column":4},"end":{"line":39,"column":6}},"11":{"start":{"line":40,"column":4},"end":{"line":40,"column":65}},"12":{"start":{"line":41,"column":4},"end":{"line":41,"column":52}},"13":{"start":{"line":3,"column":0},"end":{"line":3,"column":13}}},"fnMap":{"0":{"name":"(anonymous_0)","decl":{"start":{"line":3,"column":0},"end":{"line":3,"column":13}},"loc":{"start":{"line":3,"column":0},"end":{"line":43,"column":1}}},"1":{"name":"(anonymous_1)","decl":{"start":{"line":6,"column":9},"end":{"line":6,"column":14}},"loc":{"start":{"line":6,"column":42},"end":{"line":25,"column":3}}},"2":{"name":"(anonymous_2)","decl":{"start":{"line":27,"column":9},"end":{"line":27,"column":14}},"loc":{"start":{"line":27,"column":44},"end":{"line":42,"column":3}}}},"branchMap":{},"s":{"0":0,"1":0,"2":0,"3":0,"4":0,"5":0,"6":0,"7":0,"8":0,"9":0,"10":0,"11":0,"12":0,"13":0},"f":{"0":0,"1":0,"2":0},"b":{}}
,"/Users/macmini/Desktop/projects/DayTask-Backend/src/database/migrations/1711103075092-migrations.ts": {"path":"/Users/macmini/Desktop/projects/DayTask-Backend/src/database/migrations/1711103075092-migrations.ts","statementMap":{"0":{"start":{"line":4,"column":2},"end":{"line":4,"column":35}},"1":{"start":{"line":7,"column":4},"end":{"line":7,"column":73}},"2":{"start":{"line":8,"column":4},"end":{"line":8,"column":79}},"3":{"start":{"line":12,"column":4},"end":{"line":12,"column":73}},"4":{"start":{"line":13,"column":4},"end":{"line":15,"column":6}},"5":{"start":{"line":3,"column":0},"end":{"line":3,"column":13}}},"fnMap":{"0":{"name":"(anonymous_0)","decl":{"start":{"line":3,"column":0},"end":{"line":3,"column":13}},"loc":{"start":{"line":3,"column":0},"end":{"line":17,"column":1}}},"1":{"name":"(anonymous_1)","decl":{"start":{"line":6,"column":9},"end":{"line":6,"column":14}},"loc":{"start":{"line":6,"column":42},"end":{"line":9,"column":3}}},"2":{"name":"(anonymous_2)","decl":{"start":{"line":11,"column":9},"end":{"line":11,"column":14}},"loc":{"start":{"line":11,"column":44},"end":{"line":16,"column":3}}}},"branchMap":{},"s":{"0":0,"1":0,"2":0,"3":0,"4":0,"5":0},"f":{"0":0,"1":0,"2":0},"b":{}}
,"/Users/macmini/Desktop/projects/DayTask-Backend/src/database/migrations/1711361872939-migrations.ts": {"path":"/Users/macmini/Desktop/projects/DayTask-Backend/src/database/migrations/1711361872939-migrations.ts","statementMap":{"0":{"start":{"line":4,"column":2},"end":{"line":4,"column":35}},"1":{"start":{"line":7,"column":4},"end":{"line":9,"column":6}},"2":{"start":{"line":10,"column":4},"end":{"line":12,"column":6}},"3":{"start":{"line":13,"column":4},"end":{"line":15,"column":6}},"4":{"start":{"line":16,"column":4},"end":{"line":18,"column":6}},"5":{"start":{"line":19,"column":4},"end":{"line":21,"column":6}},"6":{"start":{"line":22,"column":4},"end":{"line":24,"column":6}},"7":{"start":{"line":28,"column":4},"end":{"line":30,"column":6}},"8":{"start":{"line":31,"column":4},"end":{"line":33,"column":6}},"9":{"start":{"line":34,"column":4},"end":{"line":36,"column":6}},"10":{"start":{"line":37,"column":4},"end":{"line":39,"column":6}},"11":{"start":{"line":40,"column":4},"end":{"line":40,"column":62}},"12":{"start":{"line":41,"column":4},"end":{"line":41,"column":49}},"13":{"start":{"line":3,"column":0},"end":{"line":3,"column":13}}},"fnMap":{"0":{"name":"(anonymous_0)","decl":{"start":{"line":3,"column":0},"end":{"line":3,"column":13}},"loc":{"start":{"line":3,"column":0},"end":{"line":43,"column":1}}},"1":{"name":"(anonymous_1)","decl":{"start":{"line":6,"column":9},"end":{"line":6,"column":14}},"loc":{"start":{"line":6,"column":42},"end":{"line":25,"column":3}}},"2":{"name":"(anonymous_2)","decl":{"start":{"line":27,"column":9},"end":{"line":27,"column":14}},"loc":{"start":{"line":27,"column":44},"end":{"line":42,"column":3}}}},"branchMap":{},"s":{"0":0,"1":0,"2":0,"3":0,"4":0,"5":0,"6":0,"7":0,"8":0,"9":0,"10":0,"11":0,"12":0,"13":0},"f":{"0":0,"1":0,"2":0},"b":{}}
,"/Users/macmini/Desktop/projects/DayTask-Backend/src/database/migrations/1711365108156-migrations.ts": {"path":"/Users/macmini/Desktop/projects/DayTask-Backend/src/database/migrations/1711365108156-migrations.ts","statementMap":{"0":{"start":{"line":4,"column":2},"end":{"line":4,"column":35}},"1":{"start":{"line":7,"column":4},"end":{"line":7,"column":76}},"2":{"start":{"line":8,"column":4},"end":{"line":10,"column":6}},"3":{"start":{"line":14,"column":4},"end":{"line":16,"column":6}},"4":{"start":{"line":17,"column":4},"end":{"line":17,"column":76}},"5":{"start":{"line":3,"column":0},"end":{"line":3,"column":13}}},"fnMap":{"0":{"name":"(anonymous_0)","decl":{"start":{"line":3,"column":0},"end":{"line":3,"column":13}},"loc":{"start":{"line":3,"column":0},"end":{"line":19,"column":1}}},"1":{"name":"(anonymous_1)","decl":{"start":{"line":6,"column":9},"end":{"line":6,"column":14}},"loc":{"start":{"line":6,"column":42},"end":{"line":11,"column":3}}},"2":{"name":"(anonymous_2)","decl":{"start":{"line":13,"column":9},"end":{"line":13,"column":14}},"loc":{"start":{"line":13,"column":44},"end":{"line":18,"column":3}}}},"branchMap":{},"s":{"0":0,"1":0,"2":0,"3":0,"4":0,"5":0},"f":{"0":0,"1":0,"2":0},"b":{}}
,"/Users/macmini/Desktop/projects/DayTask-Backend/src/database/migrations/1711375564043-migrations.ts": {"path":"/Users/macmini/Desktop/projects/DayTask-Backend/src/database/migrations/1711375564043-migrations.ts","statementMap":{"0":{"start":{"line":4,"column":2},"end":{"line":4,"column":35}},"1":{"start":{"line":7,"column":4},"end":{"line":9,"column":6}},"2":{"start":{"line":10,"column":4},"end":{"line":12,"column":6}},"3":{"start":{"line":13,"column":4},"end":{"line":15,"column":6}},"4":{"start":{"line":19,"column":4},"end":{"line":21,"column":6}},"5":{"start":{"line":22,"column":4},"end":{"line":24,"column":6}},"6":{"start":{"line":25,"column":4},"end":{"line":27,"column":6}},"7":{"start":{"line":3,"column":0},"end":{"line":3,"column":13}}},"fnMap":{"0":{"name":"(anonymous_0)","decl":{"start":{"line":3,"column":0},"end":{"line":3,"column":13}},"loc":{"start":{"line":3,"column":0},"end":{"line":29,"column":1}}},"1":{"name":"(anonymous_1)","decl":{"start":{"line":6,"column":9},"end":{"line":6,"column":14}},"loc":{"start":{"line":6,"column":42},"end":{"line":16,"column":3}}},"2":{"name":"(anonymous_2)","decl":{"start":{"line":18,"column":9},"end":{"line":18,"column":14}},"loc":{"start":{"line":18,"column":44},"end":{"line":28,"column":3}}}},"branchMap":{},"s":{"0":0,"1":0,"2":0,"3":0,"4":0,"5":0,"6":0,"7":0},"f":{"0":0,"1":0,"2":0},"b":{}}
,"/Users/macmini/Desktop/projects/DayTask-Backend/src/database/migrations/1711450347775-migrations.ts": {"path":"/Users/macmini/Desktop/projects/DayTask-Backend/src/database/migrations/1711450347775-migrations.ts","statementMap":{"0":{"start":{"line":4,"column":2},"end":{"line":4,"column":35}},"1":{"start":{"line":7,"column":4},"end":{"line":9,"column":6}},"2":{"start":{"line":10,"column":4},"end":{"line":10,"column":76}},"3":{"start":{"line":11,"column":4},"end":{"line":11,"column":73}},"4":{"start":{"line":12,"column":4},"end":{"line":12,"column":74}},"5":{"start":{"line":13,"column":4},"end":{"line":13,"column":76}},"6":{"start":{"line":14,"column":4},"end":{"line":14,"column":74}},"7":{"start":{"line":15,"column":4},"end":{"line":15,"column":74}},"8":{"start":{"line":16,"column":4},"end":{"line":16,"column":73}},"9":{"start":{"line":17,"column":4},"end":{"line":17,"column":75}},"10":{"start":{"line":18,"column":4},"end":{"line":20,"column":6}},"11":{"start":{"line":21,"column":4},"end":{"line":21,"column":78}},"12":{"start":{"line":22,"column":4},"end":{"line":24,"column":6}},"13":{"start":{"line":25,"column":4},"end":{"line":25,"column":74}},"14":{"start":{"line":26,"column":4},"end":{"line":28,"column":6}},"15":{"start":{"line":32,"column":4},"end":{"line":34,"column":6}},"16":{"start":{"line":35,"column":4},"end":{"line":35,"column":74}},"17":{"start":{"line":36,"column":4},"end":{"line":36,"column":74}},"18":{"start":{"line":37,"column":4},"end":{"line":37,"column":76}},"19":{"start":{"line":38,"column":4},"end":{"line":38,"column":74}},"20":{"start":{"line":39,"column":4},"end":{"line":39,"column":73}},"21":{"start":{"line":40,"column":4},"end":{"line":40,"column":76}},"22":{"start":{"line":41,"column":4},"end":{"line":41,"column":74}},"23":{"start":{"line":42,"column":4},"end":{"line":44,"column":6}},"24":{"start":{"line":45,"column":4},"end":{"line":45,"column":78}},"25":{"start":{"line":46,"column":4},"end":{"line":48,"column":6}},"26":{"start":{"line":49,"column":4},"end":{"line":49,"column":75}},"27":{"start":{"line":50,"column":4},"end":{"line":50,"column":73}},"28":{"start":{"line":51,"column":4},"end":{"line":53,"column":6}},"29":{"start":{"line":3,"column":0},"end":{"line":3,"column":13}}},"fnMap":{"0":{"name":"(anonymous_0)","decl":{"start":{"line":3,"column":0},"end":{"line":3,"column":13}},"loc":{"start":{"line":3,"column":0},"end":{"line":55,"column":1}}},"1":{"name":"(anonymous_1)","decl":{"start":{"line":6,"column":9},"end":{"line":6,"column":14}},"loc":{"start":{"line":6,"column":42},"end":{"line":29,"column":3}}},"2":{"name":"(anonymous_2)","decl":{"start":{"line":31,"column":9},"end":{"line":31,"column":14}},"loc":{"start":{"line":31,"column":44},"end":{"line":54,"column":3}}}},"branchMap":{},"s":{"0":0,"1":0,"2":0,"3":0,"4":0,"5":0,"6":0,"7":0,"8":0,"9":0,"10":0,"11":0,"12":0,"13":0,"14":0,"15":0,"16":0,"17":0,"18":0,"19":0,"20":0,"21":0,"22":0,"23":0,"24":0,"25":0,"26":0,"27":0,"28":0,"29":0},"f":{"0":0,"1":0,"2":0},"b":{}}
,"/Users/macmini/Desktop/projects/DayTask-Backend/src/database/migrations/1711455519278-migrations.ts": {"path":"/Users/macmini/Desktop/projects/DayTask-Backend/src/database/migrations/1711455519278-migrations.ts","statementMap":{"0":{"start":{"line":4,"column":2},"end":{"line":4,"column":35}},"1":{"start":{"line":7,"column":4},"end":{"line":9,"column":6}},"2":{"start":{"line":10,"column":4},"end":{"line":12,"column":6}},"3":{"start":{"line":13,"column":4},"end":{"line":15,"column":6}},"4":{"start":{"line":16,"column":4},"end":{"line":16,"column":76}},"5":{"start":{"line":17,"column":4},"end":{"line":17,"column":73}},"6":{"start":{"line":18,"column":4},"end":{"line":18,"column":74}},"7":{"start":{"line":19,"column":4},"end":{"line":19,"column":76}},"8":{"start":{"line":20,"column":4},"end":{"line":20,"column":74}},"9":{"start":{"line":21,"column":4},"end":{"line":21,"column":74}},"10":{"start":{"line":22,"column":4},"end":{"line":24,"column":6}},"11":{"start":{"line":25,"column":4},"end":{"line":27,"column":6}},"12":{"start":{"line":28,"column":4},"end":{"line":28,"column":76}},"13":{"start":{"line":29,"column":4},"end":{"line":29,"column":73}},"14":{"start":{"line":30,"column":4},"end":{"line":30,"column":75}},"15":{"start":{"line":31,"column":4},"end":{"line":33,"column":6}},"16":{"start":{"line":34,"column":4},"end":{"line":34,"column":78}},"17":{"start":{"line":35,"column":4},"end":{"line":37,"column":6}},"18":{"start":{"line":38,"column":4},"end":{"line":38,"column":74}},"19":{"start":{"line":39,"column":4},"end":{"line":41,"column":6}},"20":{"start":{"line":42,"column":4},"end":{"line":44,"column":6}},"21":{"start":{"line":45,"column":4},"end":{"line":47,"column":6}},"22":{"start":{"line":51,"column":4},"end":{"line":53,"column":6}},"23":{"start":{"line":54,"column":4},"end":{"line":56,"column":6}},"24":{"start":{"line":57,"column":4},"end":{"line":59,"column":6}},"25":{"start":{"line":60,"column":4},"end":{"line":60,"column":74}},"26":{"start":{"line":61,"column":4},"end":{"line":61,"column":74}},"27":{"start":{"line":62,"column":4},"end":{"line":62,"column":76}},"28":{"start":{"line":63,"column":4},"end":{"line":63,"column":74}},"29":{"start":{"line":64,"column":4},"end":{"line":64,"column":73}},"30":{"start":{"line":65,"column":4},"end":{"line":65,"column":76}},"31":{"start":{"line":66,"column":4},"end":{"line":66,"column":74}},"32":{"start":{"line":67,"column":4},"end":{"line":67,"column":74}},"33":{"start":{"line":68,"column":4},"end":{"line":68,"column":74}},"34":{"start":{"line":69,"column":4},"end":{"line":69,"column":74}},"35":{"start":{"line":70,"column":4},"end":{"line":72,"column":6}},"36":{"start":{"line":73,"column":4},"end":{"line":73,"column":78}},"37":{"start":{"line":74,"column":4},"end":{"line":76,"column":6}},"38":{"start":{"line":77,"column":4},"end":{"line":77,"column":75}},"39":{"start":{"line":78,"column":4},"end":{"line":78,"column":73}},"40":{"start":{"line":79,"column":4},"end":{"line":79,"column":52}},"41":{"start":{"line":80,"column":4},"end":{"line":80,"column":70}},"42":{"start":{"line":81,"column":4},"end":{"line":83,"column":6}},"43":{"start":{"line":3,"column":0},"end":{"line":3,"column":13}}},"fnMap":{"0":{"name":"(anonymous_0)","decl":{"start":{"line":3,"column":0},"end":{"line":3,"column":13}},"loc":{"start":{"line":3,"column":0},"end":{"line":85,"column":1}}},"1":{"name":"(anonymous_1)","decl":{"start":{"line":6,"column":9},"end":{"line":6,"column":14}},"loc":{"start":{"line":6,"column":42},"end":{"line":48,"column":3}}},"2":{"name":"(anonymous_2)","decl":{"start":{"line":50,"column":9},"end":{"line":50,"column":14}},"loc":{"start":{"line":50,"column":44},"end":{"line":84,"column":3}}}},"branchMap":{},"s":{"0":0,"1":0,"2":0,"3":0,"4":0,"5":0,"6":0,"7":0,"8":0,"9":0,"10":0,"11":0,"12":0,"13":0,"14":0,"15":0,"16":0,"17":0,"18":0,"19":0,"20":0,"21":0,"22":0,"23":0,"24":0,"25":0,"26":0,"27":0,"28":0,"29":0,"30":0,"31":0,"32":0,"33":0,"34":0,"35":0,"36":0,"37":0,"38":0,"39":0,"40":0,"41":0,"42":0,"43":0},"f":{"0":0,"1":0,"2":0},"b":{}}
[...]
,"/Users/macmini/Desktop/projects/DayTask-Backend/src/social/tokens.ts": {"path":"/Users/macmini/Desktop/projects/DayTask-Backend/src/social/tokens.ts","statementMap":{"0":{"start":{"line":1,"column":0},"end":{"line":1,"column":46}},"1":{"start":{"line":2,"column":0},"end":{"line":2,"column":52}},"2":{"start":{"line":4,"column":0},"end":{"line":4,"column":13}},"3":{"start":{"line":7,"column":2},"end":{"line":7,"column":null}},"4":{"start":{"line":11,"column":2},"end":{"line":11,"column":null}}},"fnMap":{},"branchMap":{},"s":{"0":0,"1":0,"2":0,"3":0,"4":0},"f":{},"b":{}}
,"/Users/macmini/Desktop/projects/DayTask-Backend/src/statuses/statuses.enum.ts": {"path":"/Users/macmini/Desktop/projects/DayTask-Backend/src/statuses/statuses.enum.ts","statementMap":{"0":{"start":{"line":1,"column":0},"end":{"line":1,"column":null}},"1":{"start":{"line":2,"column":2},"end":{"line":2,"column":null}},"2":{"start":{"line":3,"column":2},"end":{"line":3,"column":null}}},"fnMap":{"0":{"name":"(anonymous_0)","decl":{"start":{"line":1,"column":0},"end":{"line":1,"column":12}},"loc":{"start":{"line":1,"column":22},"end":{"line":4,"column":1}}}},"branchMap":{"0":{"loc":{"start":{"line":1,"column":12},"end":{"line":1,"column":null}},"type":"binary-expr","locations":[{"start":{"line":1,"column":12},"end":{"line":1,"column":22}},{"start":{"line":1,"column":22},"end":{"line":1,"column":null}}]}},"s":{"0":0,"1":0,"2":0},"f":{"0":0},"b":{"0":[0,0]}}
,"/Users/macmini/Desktop/projects/DayTask-Backend/src/statuses/domain/status.ts": {"path":"/Users/macmini/Desktop/projects/DayTask-Backend/src/statuses/domain/status.ts","statementMap":{"0":{"start":{"line":1,"column":0},"end":{"line":1,"column":40}},"1":{"start":{"line":3,"column":0},"end":{"line":3,"column":13}},"2":{"start":{"line":5,"column":2},"end":{"line":5,"column":null}},"3":{"start":{"line":8,"column":2},"end":{"line":8,"column":null}}},"fnMap":{},"branchMap":{},"s":{"0":0,"1":0,"2":0,"3":0},"f":{},"b":{}}
,"/Users/macmini/Desktop/projects/DayTask-Backend/src/statuses/dto/status.dto.ts": {"path":"/Users/macmini/Desktop/projects/DayTask-Backend/src/statuses/dto/status.dto.ts","statementMap":{"0":{"start":{"line":1,"column":0},"end":{"line":1,"column":46}},"1":{"start":{"line":3,"column":0},"end":{"line":3,"column":43}},"2":{"start":{"line":5,"column":0},"end":{"line":5,"column":13}},"3":{"start":{"line":8,"column":2},"end":{"line":8,"column":null}}},"fnMap":{},"branchMap":{},"s":{"0":0,"1":0,"2":0,"3":0},"f":{},"b":{}}
,"/Users/macmini/Desktop/projects/DayTask-Backend/src/statuses/infrastructure/persistence/relational/entities/status.entity.ts": {"path":"/Users/macmini/Desktop/projects/DayTask-Backend/src/statuses/infrastructure/persistence/relational/entities/status.entity.ts","statementMap":{"0":{"start":{"line":1,"column":0},"end":{"line":1,"column":56}},"1":{"start":{"line":4,"column":0},"end":{"line":4,"column":87}},"2":{"start":{"line":9,"column":7},"end":{"line":15,"column":null}},"3":{"start":{"line":9,"column":13},"end":{"line":9,"column":25}},"4":{"start":{"line":11,"column":2},"end":{"line":11,"column":null}},"5":{"start":{"line":14,"column":2},"end":{"line":14,"column":null}},"6":{"start":{"line":9,"column":13},"end":{"line":15,"column":null}}},"fnMap":{},"branchMap":{},"s":{"0":0,"1":0,"2":0,"3":0,"4":0,"5":0,"6":0},"f":{},"b":{}}
,"/Users/macmini/Desktop/projects/DayTask-Backend/src/utils/deep-resolver.ts": {"path":"/Users/macmini/Desktop/projects/DayTask-Backend/src/utils/deep-resolver.ts","statementMap":{"0":{"start":{"line":2,"column":2},"end":{"line":4,"column":3}},"1":{"start":{"line":3,"column":4},"end":{"line":3,"column":23}},"2":{"start":{"line":6,"column":2},"end":{"line":9,"column":3}},"3":{"start":{"line":7,"column":26},"end":{"line":7,"column":75}},"4":{"start":{"line":8,"column":4},"end":{"line":8,"column":25}},"5":{"start":{"line":11,"column":2},"end":{"line":13,"column":3}},"6":{"start":{"line":12,"column":4},"end":{"line":12,"column":17}},"7":{"start":{"line":15,"column":2},"end":{"line":25,"column":3}},"8":{"start":{"line":16,"column":17},"end":{"line":16,"column":35}},"9":{"start":{"line":17,"column":27},"end":{"line":17,"column":29}},"10":{"start":{"line":19,"column":4},"end":{"line":22,"column":5}},"11":{"start":{"line":20,"column":28},"end":{"line":20,"column":65}},"12":{"start":{"line":21,"column":6},"end":{"line":21,"column":42}},"13":{"start":{"line":24,"column":4},"end":{"line":24,"column":26}},"14":{"start":{"line":27,"column":2},"end":{"line":27,"column":15}},"15":{"start":{"line":30,"column":0},"end":{"line":30,"column":35}}},"fnMap":{"0":{"name":"deepResolvePromises","decl":{"start":{"line":1,"column":15},"end":{"line":1,"column":34}},"loc":{"start":{"line":1,"column":40},"end":{"line":28,"column":1}}}},"branchMap":{"0":{"loc":{"start":{"line":2,"column":2},"end":{"line":4,"column":3}},"type":"if","locations":[{"start":{"line":2,"column":2},"end":{"line":4,"column":3}}]},"1":{"loc":{"start":{"line":6,"column":2},"end":{"line":9,"column":3}},"type":"if","locations":[{"start":{"line":6,"column":2},"end":{"line":9,"column":3}}]},"2":{"loc":{"start":{"line":11,"column":2},"end":{"line":13,"column":3}},"type":"if","locations":[{"start":{"line":11,"column":2},"end":{"line":13,"column":3}}]},"3":{"loc":{"start":{"line":15,"column":2},"end":{"line":25,"column":3}},"type":"if","locations":[{"start":{"line":15,"column":2},"end":{"line":25,"column":3}}]},"4":{"loc":{"start":{"line":15,"column":6},"end":{"line":15,"column":49}},"type":"binary-expr","locations":[{"start":{"line":15,"column":6},"end":{"line":15,"column":31}},{"start":{"line":15,"column":35},"end":{"line":15,"column":49}}]}},"s":{"0":0,"1":0,"2":0,"3":0,"4":0,"5":0,"6":0,"7":0,"8":0,"9":0,"10":0,"11":0,"12":0,"13":0,"14":0,"15":0},"f":{"0":0},"b":{"0":[0],"1":[0],"2":[0],"3":[0],"4":[0,0]}}
,"/Users/macmini/Desktop/projects/DayTask-Backend/src/utils/document-entity-helper.ts": {"path":"/Users/macmini/Desktop/projects/DayTask-Backend/src/utils/document-entity-helper.ts","statementMap":{"0":{"start":{"line":1,"column":0},"end":{"line":1,"column":46}},"1":{"start":{"line":3,"column":0},"end":{"line":3,"column":13}},"2":{"start":{"line":17,"column":9},"end":{"line":17,"column":null}},"3":{"start":{"line":6,"column":6},"end":{"line":9,"column":7}},"4":{"start":{"line":8,"column":8},"end":{"line":8,"column":47}},"5":{"start":{"line":11,"column":6},"end":{"line":11,"column":29}}},"fnMap":{"0":{"name":"(anonymous_2)","decl":{"start":{"line":5,"column":4},"end":{"line":5,"column":5}},"loc":{"start":{"line":5,"column":14},"end":{"line":12,"column":5}}}},"branchMap":{"0":{"loc":{"start":{"line":6,"column":6},"end":{"line":9,"column":7}},"type":"if","locations":[{"start":{"line":6,"column":6},"end":{"line":9,"column":7}}]}},"s":{"0":0,"1":0,"2":0,"3":0,"4":0,"5":0},"f":{"0":0},"b":{"0":[0]}}
,"/Users/macmini/Desktop/projects/DayTask-Backend/src/utils/infinity-pagination.ts": {"path":"/Users/macmini/Desktop/projects/DayTask-Backend/src/utils/infinity-pagination.ts","statementMap":{"0":{"start":{"line":4,"column":34},"end":{"line":12,"column":1}},"1":{"start":{"line":8,"column":2},"end":{"line":11,"column":4}},"2":{"start":{"line":4,"column":13},"end":{"line":4,"column":34}}},"fnMap":{"0":{"name":"(anonymous_0)","decl":{"start":{"line":4,"column":34},"end":{"line":4,"column":null}},"loc":{"start":{"line":7,"column":37},"end":{"line":12,"column":1}}}},"branchMap":{},"s":{"0":0,"1":0,"2":0},"f":{"0":0},"b":{}}
,"/Users/macmini/Desktop/projects/DayTask-Backend/src/utils/relational-entity-helper.ts": {"path":"/Users/macmini/Desktop/projects/DayTask-Backend/src/utils/relational-entity-helper.ts","statementMap":{"0":{"start":{"line":1,"column":0},"end":{"line":1,"column":52}},"1":{"start":{"line":2,"column":0},"end":{"line":2,"column":48}},"2":{"start":{"line":9,"column":4},"end":{"line":9,"column":42}},"3":{"start":{"line":13,"column":4},"end":{"line":13,"column":33}},"4":{"start":{"line":4,"column":0},"end":{"line":4,"column":13}},"5":{"start":{"line":8,"column":2},"end":{"line":10,"column":null}}},"fnMap":{"0":{"name":"(anonymous_2)","decl":{"start":{"line":8,"column":2},"end":{"line":8,"column":15}},"loc":{"start":{"line":8,"column":15},"end":{"line":10,"column":3}}},"1":{"name":"(anonymous_3)","decl":{"start":{"line":12,"column":2},"end":{"line":12,"column":8}},"loc":{"start":{"line":12,"column":8},"end":{"line":14,"column":3}}}},"branchMap":{},"s":{"0":0,"1":0,"2":0,"3":0,"4":0,"5":0},"f":{"0":0,"1":0},"b":{}}
,"/Users/macmini/Desktop/projects/DayTask-Backend/src/utils/serializer.interceptor.ts": {"path":"/Users/macmini/Desktop/projects/DayTask-Backend/src/utils/serializer.interceptor.ts","statementMap":{"0":{"start":{"line":1,"column":0},"end":{"line":1,"column":null}},"1":{"start":{"line":8,"column":0},"end":{"line":8,"column":37}},"2":{"start":{"line":9,"column":0},"end":{"line":9,"column":50}},"3":{"start":{"line":12,"column":7},"end":{"line":16,"column":null}},"4":{"start":{"line":14,"column":4},"end":{"line":14,"column":72}},"5":{"start":{"line":14,"column":44},"end":{"line":14,"column":69}},"6":{"start":{"line":12,"column":13},"end":{"line":12,"column":39}},"7":{"start":{"line":12,"column":13},"end":{"line":16,"column":null}}},"fnMap":{"0":{"name":"(anonymous_2)","decl":{"start":{"line":13,"column":2},"end":{"line":13,"column":11}},"loc":{"start":{"line":13,"column":56},"end":{"line":15,"column":3}}},"1":{"name":"(anonymous_3)","decl":{"start":{"line":14,"column":34},"end":{"line":14,"column":35}},"loc":{"start":{"line":14,"column":44},"end":{"line":14,"column":69}}}},"branchMap":{},"s":{"0":0,"1":0,"2":0,"3":0,"4":0,"5":0,"6":0,"7":0},"f":{"0":0,"1":0},"b":{}}
,"/Users/macmini/Desktop/projects/DayTask-Backend/src/utils/validate-config.ts": {"path":"/Users/macmini/Desktop/projects/DayTask-Backend/src/utils/validate-config.ts","statementMap":{"0":{"start":{"line":1,"column":0},"end":{"line":1,"column":49}},"1":{"start":{"line":2,"column":0},"end":{"line":2,"column":47}},"2":{"start":{"line":9,"column":26},"end":{"line":11,"column":4}},"3":{"start":{"line":12,"column":17},"end":{"line":14,"column":4}},"4":{"start":{"line":16,"column":2},"end":{"line":18,"column":3}},"5":{"start":{"line":17,"column":4},"end":{"line":17,"column":39}},"6":{"start":{"line":19,"column":2},"end":{"line":19,"column":25}},"7":{"start":{"line":22,"column":0},"end":{"line":22,"column":30}}},"fnMap":{"0":{"name":"validateConfig","decl":{"start":{"line":5,"column":9},"end":{"line":5,"column":23}},"loc":{"start":{"line":7,"column":40},"end":{"line":20,"column":1}}}},"branchMap":{"0":{"loc":{"start":{"line":16,"column":2},"end":{"line":18,"column":3}},"type":"if","locations":[{"start":{"line":16,"column":2},"end":{"line":18,"column":3}}]}},"s":{"0":0,"1":0,"2":0,"3":0,"4":0,"5":0,"6":0,"7":0},"f":{"0":0},"b":{"0":[0]}}
,"/Users/macmini/Desktop/projects/DayTask-Backend/src/utils/validation-options.ts": {"path":"/Users/macmini/Desktop/projects/DayTask-Backend/src/utils/validation-options.ts","statementMap":{"0":{"start":{"line":1,"column":0},"end":{"line":1,"column":null}},"1":{"start":{"line":9,"column":2},"end":{"line":18,"column":4}},"2":{"start":{"line":10,"column":36},"end":{"line":16,"column":6}},"3":{"start":{"line":21,"column":49},"end":{"line":34,"column":2}},"4":{"start":{"line":26,"column":4},"end":{"line":32,"column":6}},"5":{"start":{"line":36,"column":0},"end":{"line":36,"column":33}}},"fnMap":{"0":{"name":"generateErrors","decl":{"start":{"line":8,"column":9},"end":{"line":8,"column":23}},"loc":{"start":{"line":8,"column":49},"end":{"line":19,"column":1}}},"1":{"name":"(anonymous_1)","decl":{"start":{"line":10,"column":4},"end":{"line":10,"column":5}},"loc":{"start":{"line":10,"column":36},"end":{"line":16,"column":6}}},"2":{"name":"(anonymous_2)","decl":{"start":{"line":25,"column":20},"end":{"line":25,"column":21}},"loc":{"start":{"line":25,"column":50},"end":{"line":33,"column":3}}}},"branchMap":{"0":{"loc":{"start":{"line":13,"column":8},"end":{"line":15,"column":68}},"type":"cond-expr","locations":[{"start":{"line":14,"column":12},"end":{"line":14,"column":55}},{"start":{"line":15,"column":12},"end":{"line":15,"column":68}}]},"1":{"loc":{"start":{"line":13,"column":9},"end":{"line":13,"column":43}},"type":"binary-expr","locations":[{"start":{"line":13,"column":9},"end":{"line":13,"column":38}},{"start":{"line":13,"column":42},"end":{"line":13,"column":43}}]},"2":{"loc":{"start":{"line":14,"column":27},"end":{"line":14,"column":54}},"type":"binary-expr","locations":[{"start":{"line":14,"column":27},"end":{"line":14,"column":48}},{"start":{"line":14,"column":52},"end":{"line":14,"column":54}}]},"3":{"loc":{"start":{"line":15,"column":26},"end":{"line":15,"column":56}},"type":"binary-expr","locations":[{"start":{"line":15,"column":26},"end":{"line":15,"column":50}},{"start":{"line":15,"column":54},"end":{"line":15,"column":56}}]}},"s":{"0":0,"1":0,"2":0,"3":0,"4":0,"5":0},"f":{"0":0,"1":0,"2":0},"b":{"0":[0,0],"1":[0,0],"2":[0,0],"3":[0,0]}}
,"/Users/macmini/Desktop/projects/DayTask-Backend/src/utils/metrics/metrics.service.ts": {"path":"/Users/macmini/Desktop/projects/DayTask-Backend/src/utils/metrics/metrics.service.ts","statementMap":{"0":{"start":{"line":1,"column":0},"end":{"line":1,"column":33}},"1":{"start":{"line":2,"column":0},"end":{"line":2,"column":30}},"2":{"start":{"line":4,"column":13},"end":{"line":8,"column":3}},"3":{"start":{"line":10,"column":13},"end":{"line":14,"column":3}},"4":{"start":{"line":16,"column":12},"end":{"line":16,"column":21}},"5":{"start":{"line":19,"column":32},"end":{"line":19,"column":60}},"6":{"start":{"line":20,"column":19},"end":{"line":20,"column":34}},"7":{"start":{"line":21,"column":19},"end":{"line":21,"column":33}},"8":{"start":{"line":22,"column":2},"end":{"line":22,"column":38}},"9":{"start":{"line":24,"column":2},"end":{"line":27,"column":5}},"10":{"start":{"line":25,"column":4},"end":{"line":25,"column":57}},"11":{"start":{"line":26,"column":4},"end":{"line":26,"column":53}},"12":{"start":{"line":29,"column":2},"end":{"line":31,"column":5}},"13":{"start":{"line":30,"column":4},"end":{"line":30,"column":68}},"14":{"start":{"line":18,"column":0},"end":{"line":18,"column":16}}},"fnMap":{"0":{"name":"startMetricsServer","decl":{"start":{"line":18,"column":16},"end":{"line":18,"column":34}},"loc":{"start":{"line":18,"column":34},"end":{"line":32,"column":1}}},"1":{"name":"(anonymous_2)","decl":{"start":{"line":24,"column":22},"end":{"line":24,"column":27}},"loc":{"start":{"line":24,"column":41},"end":{"line":27,"column":3}}},"2":{"name":"(anonymous_3)","decl":{"start":{"line":29,"column":30},"end":{"line":29,"column":33}},"loc":{"start":{"line":29,"column":35},"end":{"line":31,"column":3}}}},"branchMap":{},"s":{"0":0,"1":0,"2":0,"3":0,"4":0,"5":0,"6":0,"7":0,"8":0,"9":0,"10":0,"11":0,"12":0,"13":0,"14":0},"f":{"0":0,"1":0,"2":0},"b":{}}
,"/Users/macmini/Desktop/projects/DayTask-Backend/src/utils/transformers/lower-case.transformer.ts": {"path":"/Users/macmini/Desktop/projects/DayTask-Backend/src/utils/transformers/lower-case.transformer.ts","statementMap":{"0":{"start":{"line":4,"column":36},"end":{"line":6,"column":58}},"1":{"start":{"line":6,"column":24},"end":{"line":6,"column":58}},"2":{"start":{"line":4,"column":13},"end":{"line":4,"column":36}}},"fnMap":{"0":{"name":"(anonymous_0)","decl":{"start":{"line":4,"column":36},"end":{"line":4,"column":null}},"loc":{"start":{"line":6,"column":24},"end":{"line":6,"column":58}}}},"branchMap":{},"s":{"0":0,"1":0,"2":0},"f":{"0":0},"b":{}}
,"/Users/macmini/Desktop/projects/DayTask-Backend/src/utils/validation/vlalidate-data.ts": {"path":"/Users/macmini/Desktop/projects/DayTask-Backend/src/utils/validation/vlalidate-data.ts","statementMap":{"0":{"start":{"line":1,"column":0},"end":{"line":1,"column":null}},"1":{"start":{"line":7,"column":0},"end":{"line":7,"column":71}},"2":{"start":{"line":9,"column":0},"end":{"line":9,"column":62}},"3":{"start":{"line":12,"column":7},"end":{"line":42,"column":null}},"4":{"start":{"line":15,"column":21},"end":{"line":15,"column":35}},"5":{"start":{"line":17,"column":21},"end":{"line":17,"column":38}},"6":{"start":{"line":20,"column":20},"end":{"line":20,"column":44}},"7":{"start":{"line":20,"column":39},"end":{"line":20,"column":43}},"8":{"start":{"line":21,"column":4},"end":{"line":23,"column":5}},"9":{"start":{"line":22,"column":6},"end":{"line":22,"column":62}},"10":{"start":{"line":24,"column":26},"end":{"line":27,"column":null}},"11":{"start":{"line":25,"column":6},"end":{"line":27,"column":8}},"12":{"start":{"line":29,"column":18},"end":{"line":29,"column":50}},"13":{"start":{"line":30,"column":4},"end":{"line":34,"column":5}},"14":{"start":{"line":31,"column":6},"end":{"line":33,"column":8}},"15":{"start":{"line":37,"column":20},"end":{"line":37,"column":65}},"16":{"start":{"line":38,"column":4},"end":{"line":40,"column":5}},"17":{"start":{"line":39,"column":6},"end":{"line":39,"column":78}},"18":{"start":{"line":12,"column":13},"end":{"line":12,"column":25}},"19":{"start":{"line":12,"column":13},"end":{"line":42,"column":null}},"20":{"start":{"line":14,"column":29},"end":{"line":14,"column":41}},"21":{"start":{"line":16,"column":29},"end":{"line":16,"column":44}}},"fnMap":{"0":{"name":"(anonymous_4)","decl":{"start":{"line":13,"column":2},"end":{"line":13,"column":null}},"loc":{"start":{"line":17,"column":53},"end":{"line":18,"column":6}}},"1":{"name":"(anonymous_5)","decl":{"start":{"line":19,"column":2},"end":{"line":19,"column":7}},"loc":{"start":{"line":19,"column":39},"end":{"line":35,"column":3}}},"2":{"name":"(anonymous_6)","decl":{"start":{"line":20,"column":32},"end":{"line":20,"column":33}},"loc":{"start":{"line":20,"column":39},"end":{"line":20,"column":43}}},"3":{"name":"(anonymous_7)","decl":{"start":{"line":24,"column":38},"end":{"line":24,"column":39}},"loc":{"start":{"line":25,"column":6},"end":{"line":27,"column":8}}},"4":{"name":"(anonymous_8)","decl":{"start":{"line":36,"column":2},"end":{"line":36,"column":7}},"loc":{"start":{"line":36,"column":43},"end":{"line":41,"column":3}}},"5":{"name":"(anonymous_9)","decl":{"start":{"line":14,"column":23},"end":{"line":14,"column":26}},"loc":{"start":{"line":14,"column":29},"end":{"line":14,"column":41}}},"6":{"name":"(anonymous_10)","decl":{"start":{"line":16,"column":23},"end":{"line":16,"column":26}},"loc":{"start":{"line":16,"column":29},"end":{"line":16,"column":44}}}},"branchMap":{"0":{"loc":{"start":{"line":21,"column":4},"end":{"line":23,"column":5}},"type":"if","locations":[{"start":{"line":21,"column":4},"end":{"line":23,"column":5}}]},"1":{"loc":{"start":{"line":30,"column":4},"end":{"line":34,"column":5}},"type":"if","locations":[{"start":{"line":30,"column":4},"end":{"line":34,"column":5}}]},"2":{"loc":{"start":{"line":38,"column":4},"end":{"line":40,"column":5}},"type":"if","locations":[{"start":{"line":38,"column":4},"end":{"line":40,"column":5}}]}},"s":{"0":0,"1":0,"2":0,"3":0,"4":0,"5":0,"6":0,"7":0,"8":0,"9":0,"10":0,"11":0,"12":0,"13":0,"14":0,"15":0,"16":0,"17":0,"18":0,"19":0,"20":0,"21":0},"f":{"0":0,"1":0,"2":0,"3":0,"4":0,"5":0,"6":0},"b":{"0":[0],"1":[0],"2":[0]}}
}
